[32m[0910 14:12:29 @logger.py:74][0m Argv: mnist-cnn.py 1
[32m[0910 14:12:29 @fs.py:89][0m [5m[31mWRN[0m Env var $TENSORPACK_DATASET not set, using /home/baskerville/tensorpack_data for datasets.
[32m[0910 14:12:29 @fs.py:92][0m Created the directory /home/baskerville/tensorpack_data.
[32m[0910 14:12:29 @mnist.py:23][0m Downloading to /home/baskerville/tensorpack_data/mnist_data/train-images-idx3-ubyte.gz...
[32m[0910 14:12:48 @mnist.py:23][0m Downloading to /home/baskerville/tensorpack_data/mnist_data/train-labels-idx1-ubyte.gz...
[32m[0910 14:12:48 @mnist.py:23][0m Downloading to /home/baskerville/tensorpack_data/mnist_data/t10k-images-idx3-ubyte.gz...
[32m[0910 14:12:58 @mnist.py:23][0m Downloading to /home/baskerville/tensorpack_data/mnist_data/t10k-labels-idx1-ubyte.gz...
[32m[0910 14:13:00 @inference_runner.py:81][0m InferenceRunner will eval 40 iterations
[32m[0910 14:13:00 @base.py:324][0m [5m[31mWRN[0m You're calling new trainers with old trainer API!
[32m[0910 14:13:00 @base.py:325][0m [5m[31mWRN[0m Now it returns the old trainer for you, please switch to use new trainers soon!
[32m[0910 14:13:00 @base.py:326][0m [5m[31mWRN[0m See https://github.com/ppwwyyxx/tensorpack/issues/458 for more information.
[32m[0910 14:13:00 @simple.py:37][0m [5m[31mWRN[0m FeedInput is slow (and this is the default of SimpleTrainer). Consider QueueInput or other InputSource instead.
[32m[0910 14:13:00 @registry.py:136][0m conv0 input: [None, 28, 28, 1]
[32m[0910 14:13:00 @registry.py:144][0m conv0 output: [None, 28, 28, 32]
[32m[0910 14:13:00 @registry.py:136][0m pool0 input: [None, 28, 28, 32]
[32m[0910 14:13:00 @registry.py:144][0m pool0 output: [None, 14, 14, 32]
[32m[0910 14:13:00 @registry.py:136][0m conv1 input: [None, 14, 14, 32]
[32m[0910 14:13:00 @mnist-cnn.py:73][0m Quantizing weight conv1/W
[32m[0910 14:13:00 @registry.py:144][0m conv1 output: [None, 14, 14, 32]
[32m[0910 14:13:00 @registry.py:136][0m conv2 input: [None, 14, 14, 32]
[32m[0910 14:13:00 @mnist-cnn.py:73][0m Quantizing weight conv2/W
[32m[0910 14:13:00 @registry.py:144][0m conv2 output: [None, 14, 14, 32]
[32m[0910 14:13:00 @registry.py:136][0m pool1 input: [None, 14, 14, 32]
[32m[0910 14:13:00 @registry.py:144][0m pool1 output: [None, 7, 7, 32]
[32m[0910 14:13:00 @registry.py:136][0m conv3 input: [None, 7, 7, 32]
[32m[0910 14:13:00 @mnist-cnn.py:73][0m Quantizing weight conv3/W
[32m[0910 14:13:00 @registry.py:144][0m conv3 output: [None, 7, 7, 32]
[32m[0910 14:13:00 @registry.py:136][0m fc0 input: [None, 7, 7, 32]
[32m[0910 14:13:00 @mnist-cnn.py:73][0m Quantizing weight fc0/W
[32m[0910 14:13:00 @registry.py:144][0m fc0 output: [None, 20]
[32m[0910 14:13:00 @registry.py:136][0m fc1 input: [None, 20]
[32m[0910 14:13:00 @registry.py:144][0m fc1 output: [None, 10]
[32m[0910 14:13:00 @develop.py:85][0m [5m[31mWRN[0m [Deprecated] accuracy [mnist-cnn.py:284] will be deprecated after 28 Feb. Please implement it by yourself.
[32m[0910 14:13:00 @regularize.py:81][0m regularize_cost() found 2 tensors.
[32m[0910 14:13:00 @regularize.py:18][0m Applying regularizer for fc0/W:0, fc1/W:0
[32m[0910 14:13:01 @model_utils.py:49][0m [36mModel Parameters: 
[0mname         shape             dim
-----------  --------------  -----
conv0/W:0    [3, 3, 1, 32]     288
bn0/beta:0   [32]               32
bn0/gamma:0  [32]               32
conv1/W:0    [3, 3, 32, 32]   9216
bn1/beta:0   [32]               32
bn1/gamma:0  [32]               32
conv2/W:0    [3, 3, 32, 32]   9216
bn2/beta:0   [32]               32
bn2/gamma:0  [32]               32
conv3/W:0    [3, 3, 32, 32]   9216
bn3/beta:0   [32]               32
bn3/gamma:0  [32]               32
fc0/W:0      [1568, 20]      31360
fc1/W:0      [20, 10]          200[36m
Total #vars=14, #params=59752, size=0.23MB[0m
[32m[0910 14:13:01 @base.py:141][0m Setup callbacks graph ...
[32m[0910 14:13:01 @predict.py:42][0m Building predictor tower 'InferenceTower' on device /gpu:0 ...
[32m[0910 14:13:01 @mnist-cnn.py:73][0m Quantizing weight conv1/W
[32m[0910 14:13:01 @mnist-cnn.py:73][0m Quantizing weight conv2/W
[32m[0910 14:13:01 @mnist-cnn.py:73][0m Quantizing weight conv3/W
[32m[0910 14:13:01 @mnist-cnn.py:73][0m Quantizing weight fc0/W
[32m[0910 14:13:01 @develop.py:85][0m [5m[31mWRN[0m [Deprecated] accuracy [mnist-cnn.py:284] will be deprecated after 28 Feb. Please implement it by yourself.
[32m[0910 14:13:01 @summary.py:34][0m Maintain moving average summary of 5 tensors.
[32m[0910 14:13:01 @graph.py:90][0m Applying collection UPDATE_OPS of 8 ops.
[32m[0910 14:13:01 @base.py:146][0m Creating the session ...
[32m[0910 14:13:02 @base.py:150][0m Initializing the session ...
[32m[0910 14:13:02 @base.py:157][0m Graph Finalized.
[32m[0910 14:13:02 @base.py:191][0m Start Epoch 1 ...
[32m[0910 14:13:08 @base.py:201][0m Epoch 1 (global_step 468) finished, time:6.00 sec.
[32m[0910 14:13:08 @saver.py:84][0m Model saved to train_log/mnist-cnn/model-468.
[32m[0910 14:13:08 @monitor.py:363][0m accuracy: 0.96322
[32m[0910 14:13:08 @monitor.py:363][0m cross_entropy_loss: 0.12129
[32m[0910 14:13:08 @monitor.py:363][0m learning_rate: 0.1
[32m[0910 14:13:08 @monitor.py:363][0m regularize_loss: 0.0004659
[32m[0910 14:13:08 @monitor.py:363][0m total_cost: 0.12176
[32m[0910 14:13:08 @monitor.py:363][0m train_error: 0.036779
[32m[0910 14:13:08 @monitor.py:363][0m validation_accuracy: 0.96992
[32m[0910 14:13:08 @monitor.py:363][0m validation_cross_entropy_loss: 0.08891
[32m[0910 14:13:08 @monitor.py:363][0m validation_error: 0.0308
[32m[0910 14:13:08 @base.py:191][0m Start Epoch 2 ...
[32m[0910 14:13:12 @base.py:201][0m Epoch 2 (global_step 936) finished, time:4.24 sec.
[32m[0910 14:13:12 @saver.py:84][0m Model saved to train_log/mnist-cnn/model-936.
[32m[0910 14:13:12 @saver.py:155][0m Model with maximum 'validation_accuracy' saved.
[32m[0910 14:13:13 @monitor.py:363][0m accuracy: 0.97401
[32m[0910 14:13:13 @monitor.py:363][0m cross_entropy_loss: 0.086268
[32m[0910 14:13:13 @monitor.py:363][0m learning_rate: 0.1
[32m[0910 14:13:13 @monitor.py:363][0m regularize_loss: 0.00048099
[32m[0910 14:13:13 @monitor.py:363][0m total_cost: 0.086749
[32m[0910 14:13:13 @monitor.py:363][0m train_error: 0.025988
[32m[0910 14:13:13 @monitor.py:363][0m validation_accuracy: 0.97949
[32m[0910 14:13:13 @monitor.py:363][0m validation_cross_entropy_loss: 0.065485
[32m[0910 14:13:13 @monitor.py:363][0m validation_error: 0.021
[32m[0910 14:13:13 @base.py:191][0m Start Epoch 3 ...
[32m[0910 14:13:17 @base.py:201][0m Epoch 3 (global_step 1404) finished, time:4.19 sec.
[32m[0910 14:13:17 @saver.py:84][0m Model saved to train_log/mnist-cnn/model-1404.
[32m[0910 14:13:17 @saver.py:155][0m Model with maximum 'validation_accuracy' saved.
[32m[0910 14:13:17 @monitor.py:363][0m accuracy: 0.9805
[32m[0910 14:13:17 @monitor.py:363][0m cross_entropy_loss: 0.064028
[32m[0910 14:13:17 @monitor.py:363][0m learning_rate: 0.1
[32m[0910 14:13:17 @monitor.py:363][0m regularize_loss: 0.00048805
[32m[0910 14:13:17 @monitor.py:363][0m total_cost: 0.064516
[32m[0910 14:13:17 @monitor.py:363][0m train_error: 0.0195
[32m[0910 14:13:17 @monitor.py:363][0m validation_accuracy: 0.97354
[32m[0910 14:13:17 @monitor.py:363][0m validation_cross_entropy_loss: 0.087815
[32m[0910 14:13:17 @monitor.py:363][0m validation_error: 0.0241
[32m[0910 14:13:17 @base.py:191][0m Start Epoch 4 ...
[32m[0910 14:13:22 @base.py:201][0m Epoch 4 (global_step 1872) finished, time:4.24 sec.
[32m[0910 14:13:22 @saver.py:84][0m Model saved to train_log/mnist-cnn/model-1872.
[32m[0910 14:13:22 @monitor.py:363][0m accuracy: 0.97955
[32m[0910 14:13:22 @monitor.py:363][0m cross_entropy_loss: 0.059336
[32m[0910 14:13:22 @monitor.py:363][0m learning_rate: 0.1
[32m[0910 14:13:22 @monitor.py:363][0m regularize_loss: 0.00049934
[32m[0910 14:13:22 @monitor.py:363][0m total_cost: 0.059835
[32m[0910 14:13:22 @monitor.py:363][0m train_error: 0.020446
[32m[0910 14:13:22 @monitor.py:363][0m validation_accuracy: 0.97637
[32m[0910 14:13:22 @monitor.py:363][0m validation_cross_entropy_loss: 0.074955
[32m[0910 14:13:22 @monitor.py:363][0m validation_error: 0.0242
[32m[0910 14:13:22 @base.py:191][0m Start Epoch 5 ...
[32m[0910 14:13:26 @base.py:201][0m Epoch 5 (global_step 2340) finished, time:4.24 sec.
[32m[0910 14:13:26 @saver.py:84][0m Model saved to train_log/mnist-cnn/model-2340.
[32m[0910 14:13:27 @monitor.py:363][0m accuracy: 0.98643
[32m[0910 14:13:27 @monitor.py:363][0m cross_entropy_loss: 0.046135
[32m[0910 14:13:27 @monitor.py:363][0m learning_rate: 0.1
[32m[0910 14:13:27 @monitor.py:363][0m regularize_loss: 0.00050868
[32m[0910 14:13:27 @monitor.py:363][0m total_cost: 0.046643
[32m[0910 14:13:27 @monitor.py:363][0m train_error: 0.013568
[32m[0910 14:13:27 @monitor.py:363][0m validation_accuracy: 0.98535
[32m[0910 14:13:27 @monitor.py:363][0m validation_cross_entropy_loss: 0.046725
[32m[0910 14:13:27 @monitor.py:363][0m validation_error: 0.015
[32m[0910 14:13:27 @base.py:191][0m Start Epoch 6 ...
[32m[0910 14:13:31 @base.py:201][0m Epoch 6 (global_step 2808) finished, time:4.14 sec.
[32m[0910 14:13:31 @saver.py:84][0m Model saved to train_log/mnist-cnn/model-2808.
[32m[0910 14:13:31 @saver.py:155][0m Model with maximum 'validation_accuracy' saved.
[32m[0910 14:13:31 @monitor.py:363][0m accuracy: 0.98374
[32m[0910 14:13:31 @monitor.py:363][0m cross_entropy_loss: 0.04853
[32m[0910 14:13:31 @monitor.py:363][0m learning_rate: 0.1
[32m[0910 14:13:31 @monitor.py:363][0m regularize_loss: 0.00050697
[32m[0910 14:13:31 @monitor.py:363][0m total_cost: 0.049037
[32m[0910 14:13:31 @monitor.py:363][0m train_error: 0.016256
[32m[0910 14:13:31 @monitor.py:363][0m validation_accuracy: 0.98389
[32m[0910 14:13:31 @monitor.py:363][0m validation_cross_entropy_loss: 0.048365
[32m[0910 14:13:31 @monitor.py:363][0m validation_error: 0.0165
[32m[0910 14:13:31 @base.py:191][0m Start Epoch 7 ...
[32m[0910 14:13:35 @base.py:201][0m Epoch 7 (global_step 3276) finished, time:4.24 sec.
[32m[0910 14:13:35 @saver.py:84][0m Model saved to train_log/mnist-cnn/model-3276.
[32m[0910 14:13:36 @monitor.py:363][0m accuracy: 0.98435
[32m[0910 14:13:36 @monitor.py:363][0m cross_entropy_loss: 0.051669
[32m[0910 14:13:36 @monitor.py:363][0m learning_rate: 0.1
[32m[0910 14:13:36 @monitor.py:363][0m regularize_loss: 0.00051367
[32m[0910 14:13:36 @monitor.py:363][0m total_cost: 0.052182
[32m[0910 14:13:36 @monitor.py:363][0m train_error: 0.01565
[32m[0910 14:13:36 @monitor.py:363][0m validation_accuracy: 0.98115
[32m[0910 14:13:36 @monitor.py:363][0m validation_cross_entropy_loss: 0.060189
[32m[0910 14:13:36 @monitor.py:363][0m validation_error: 0.0193
[32m[0910 14:13:36 @base.py:191][0m Start Epoch 8 ...
[32m[0910 14:13:40 @base.py:201][0m Epoch 8 (global_step 3744) finished, time:4.14 sec.
[32m[0910 14:13:40 @saver.py:84][0m Model saved to train_log/mnist-cnn/model-3744.
[32m[0910 14:13:40 @monitor.py:363][0m accuracy: 0.98591
[32m[0910 14:13:40 @monitor.py:363][0m cross_entropy_loss: 0.046335
[32m[0910 14:13:40 @monitor.py:363][0m learning_rate: 0.1
[32m[0910 14:13:40 @monitor.py:363][0m regularize_loss: 0.00051997
[32m[0910 14:13:40 @monitor.py:363][0m total_cost: 0.046855
[32m[0910 14:13:40 @monitor.py:363][0m train_error: 0.014093
[32m[0910 14:13:40 @monitor.py:363][0m validation_accuracy: 0.98662
[32m[0910 14:13:40 @monitor.py:363][0m validation_cross_entropy_loss: 0.039263
[32m[0910 14:13:40 @monitor.py:363][0m validation_error: 0.0137
[32m[0910 14:13:40 @base.py:191][0m Start Epoch 9 ...
[32m[0910 14:13:44 @base.py:201][0m Epoch 9 (global_step 4212) finished, time:4.19 sec.
[32m[0910 14:13:44 @saver.py:84][0m Model saved to train_log/mnist-cnn/model-4212.
[32m[0910 14:13:44 @saver.py:155][0m Model with maximum 'validation_accuracy' saved.
[32m[0910 14:13:45 @monitor.py:363][0m accuracy: 0.98807
[32m[0910 14:13:45 @monitor.py:363][0m cross_entropy_loss: 0.036882
[32m[0910 14:13:45 @monitor.py:363][0m learning_rate: 0.1
[32m[0910 14:13:45 @monitor.py:363][0m regularize_loss: 0.00052842
[32m[0910 14:13:45 @monitor.py:363][0m total_cost: 0.03741
[32m[0910 14:13:45 @monitor.py:363][0m train_error: 0.011927
[32m[0910 14:13:45 @monitor.py:363][0m validation_accuracy: 0.98711
[32m[0910 14:13:45 @monitor.py:363][0m validation_cross_entropy_loss: 0.038527
[32m[0910 14:13:45 @monitor.py:363][0m validation_error: 0.0132
[32m[0910 14:13:45 @base.py:191][0m Start Epoch 10 ...
[32m[0910 14:13:49 @base.py:201][0m Epoch 10 (global_step 4680) finished, time:4.19 sec.
[32m[0910 14:13:49 @saver.py:84][0m Model saved to train_log/mnist-cnn/model-4680.
[32m[0910 14:13:49 @saver.py:155][0m Model with maximum 'validation_accuracy' saved.
[32m[0910 14:13:49 @monitor.py:363][0m accuracy: 0.98954
[32m[0910 14:13:49 @monitor.py:363][0m cross_entropy_loss: 0.033449
[32m[0910 14:13:49 @monitor.py:363][0m learning_rate: 0.1
[32m[0910 14:13:49 @monitor.py:363][0m regularize_loss: 0.00053693
[32m[0910 14:13:49 @monitor.py:363][0m total_cost: 0.033986
[32m[0910 14:13:49 @monitor.py:363][0m train_error: 0.010465
[32m[0910 14:13:49 @monitor.py:363][0m validation_accuracy: 0.98867
[32m[0910 14:13:49 @monitor.py:363][0m validation_cross_entropy_loss: 0.033737
[32m[0910 14:13:49 @monitor.py:363][0m validation_error: 0.0116
[32m[0910 14:13:49 @base.py:191][0m Start Epoch 11 ...
[32m[0910 14:13:54 @base.py:201][0m Epoch 11 (global_step 5148) finished, time:4.24 sec.
[32m[0910 14:13:54 @saver.py:84][0m Model saved to train_log/mnist-cnn/model-5148.
[32m[0910 14:13:54 @saver.py:155][0m Model with maximum 'validation_accuracy' saved.
[32m[0910 14:13:54 @monitor.py:363][0m accuracy: 0.98573
[32m[0910 14:13:54 @monitor.py:363][0m cross_entropy_loss: 0.045636
[32m[0910 14:13:54 @monitor.py:363][0m learning_rate: 0.1
[32m[0910 14:13:54 @monitor.py:363][0m regularize_loss: 0.00054357
[32m[0910 14:13:54 @monitor.py:363][0m total_cost: 0.046179
[32m[0910 14:13:54 @monitor.py:363][0m train_error: 0.014267
[32m[0910 14:13:54 @monitor.py:363][0m validation_accuracy: 0.98232
[32m[0910 14:13:54 @monitor.py:363][0m validation_cross_entropy_loss: 0.056599
[32m[0910 14:13:54 @monitor.py:363][0m validation_error: 0.0181
[32m[0910 14:13:54 @base.py:191][0m Start Epoch 12 ...
[32m[0910 14:13:58 @base.py:201][0m Epoch 12 (global_step 5616) finished, time:4.29 sec.
[32m[0910 14:13:58 @saver.py:84][0m Model saved to train_log/mnist-cnn/model-5616.
[32m[0910 14:13:59 @monitor.py:363][0m accuracy: 0.99019
[32m[0910 14:13:59 @monitor.py:363][0m cross_entropy_loss: 0.030224
[32m[0910 14:13:59 @monitor.py:363][0m learning_rate: 0.1
[32m[0910 14:13:59 @monitor.py:363][0m regularize_loss: 0.00055183
[32m[0910 14:13:59 @monitor.py:363][0m total_cost: 0.030776
[32m[0910 14:13:59 @monitor.py:363][0m train_error: 0.0098137
[32m[0910 14:13:59 @monitor.py:363][0m validation_accuracy: 0.98877
[32m[0910 14:13:59 @monitor.py:363][0m validation_cross_entropy_loss: 0.036402
[32m[0910 14:13:59 @monitor.py:363][0m validation_error: 0.0115
[32m[0910 14:13:59 @base.py:191][0m Start Epoch 13 ...
[32m[0910 14:14:03 @base.py:201][0m Epoch 13 (global_step 6084) finished, time:4.29 sec.
[32m[0910 14:14:03 @saver.py:84][0m Model saved to train_log/mnist-cnn/model-6084.
[32m[0910 14:14:03 @saver.py:155][0m Model with maximum 'validation_accuracy' saved.
[32m[0910 14:14:03 @monitor.py:363][0m accuracy: 0.98992
[32m[0910 14:14:03 @monitor.py:363][0m cross_entropy_loss: 0.032001
[32m[0910 14:14:03 @monitor.py:363][0m learning_rate: 0.1
[32m[0910 14:14:03 @monitor.py:363][0m regularize_loss: 0.00055548
[32m[0910 14:14:03 @monitor.py:363][0m total_cost: 0.032557
[32m[0910 14:14:03 @monitor.py:363][0m train_error: 0.01008
[32m[0910 14:14:03 @monitor.py:363][0m validation_accuracy: 0.98906
[32m[0910 14:14:03 @monitor.py:363][0m validation_cross_entropy_loss: 0.035734
[32m[0910 14:14:03 @monitor.py:363][0m validation_error: 0.0112
[32m[0910 14:14:03 @base.py:191][0m Start Epoch 14 ...
[32m[0910 14:14:08 @base.py:201][0m Epoch 14 (global_step 6552) finished, time:4.24 sec.
[32m[0910 14:14:08 @saver.py:84][0m Model saved to train_log/mnist-cnn/model-6552.
[32m[0910 14:14:08 @saver.py:155][0m Model with maximum 'validation_accuracy' saved.
[32m[0910 14:14:08 @monitor.py:363][0m accuracy: 0.99
[32m[0910 14:14:08 @monitor.py:363][0m cross_entropy_loss: 0.034647
[32m[0910 14:14:08 @monitor.py:363][0m learning_rate: 0.1
[32m[0910 14:14:08 @monitor.py:363][0m regularize_loss: 0.00056218
[32m[0910 14:14:08 @monitor.py:363][0m total_cost: 0.035209
[32m[0910 14:14:08 @monitor.py:363][0m train_error: 0.0099994
[32m[0910 14:14:08 @monitor.py:363][0m validation_accuracy: 0.98975
[32m[0910 14:14:08 @monitor.py:363][0m validation_cross_entropy_loss: 0.031022
[32m[0910 14:14:08 @monitor.py:363][0m validation_error: 0.0105
[32m[0910 14:14:08 @base.py:191][0m Start Epoch 15 ...
[32m[0910 14:14:12 @base.py:201][0m Epoch 15 (global_step 7020) finished, time:4.29 sec.
[32m[0910 14:14:12 @saver.py:84][0m Model saved to train_log/mnist-cnn/model-7020.
[32m[0910 14:14:12 @saver.py:155][0m Model with maximum 'validation_accuracy' saved.
[32m[0910 14:14:13 @monitor.py:363][0m accuracy: 0.99142
[32m[0910 14:14:13 @monitor.py:363][0m cross_entropy_loss: 0.026127
[32m[0910 14:14:13 @monitor.py:363][0m learning_rate: 0.1
[32m[0910 14:14:13 @monitor.py:363][0m regularize_loss: 0.0005689
[32m[0910 14:14:13 @monitor.py:363][0m total_cost: 0.026696
[32m[0910 14:14:13 @monitor.py:363][0m train_error: 0.0085815
[32m[0910 14:14:13 @monitor.py:363][0m validation_accuracy: 0.98926
[32m[0910 14:14:13 @monitor.py:363][0m validation_cross_entropy_loss: 0.037076
[32m[0910 14:14:13 @monitor.py:363][0m validation_error: 0.011
[32m[0910 14:14:13 @base.py:191][0m Start Epoch 16 ...
[32m[0910 14:14:17 @base.py:201][0m Epoch 16 (global_step 7488) finished, time:4.34 sec.
[32m[0910 14:14:17 @saver.py:84][0m Model saved to train_log/mnist-cnn/model-7488.
[32m[0910 14:14:17 @monitor.py:363][0m accuracy: 0.98822
[32m[0910 14:14:17 @monitor.py:363][0m cross_entropy_loss: 0.03112
[32m[0910 14:14:17 @monitor.py:363][0m learning_rate: 0.1
[32m[0910 14:14:17 @monitor.py:363][0m regularize_loss: 0.00057414
[32m[0910 14:14:17 @monitor.py:363][0m total_cost: 0.031694
[32m[0910 14:14:17 @monitor.py:363][0m train_error: 0.011784
[32m[0910 14:14:17 @monitor.py:363][0m validation_accuracy: 0.98672
[32m[0910 14:14:17 @monitor.py:363][0m validation_cross_entropy_loss: 0.04136
[32m[0910 14:14:17 @monitor.py:363][0m validation_error: 0.0136
[32m[0910 14:14:17 @base.py:191][0m Start Epoch 17 ...
[32m[0910 14:14:22 @base.py:201][0m Epoch 17 (global_step 7956) finished, time:4.24 sec.
[32m[0910 14:14:22 @saver.py:84][0m Model saved to train_log/mnist-cnn/model-7956.
[32m[0910 14:14:22 @monitor.py:363][0m accuracy: 0.99012
[32m[0910 14:14:22 @monitor.py:363][0m cross_entropy_loss: 0.031696
[32m[0910 14:14:22 @monitor.py:363][0m learning_rate: 0.1
[32m[0910 14:14:22 @monitor.py:363][0m regularize_loss: 0.00057923
[32m[0910 14:14:22 @monitor.py:363][0m total_cost: 0.032275
[32m[0910 14:14:22 @monitor.py:363][0m train_error: 0.009882
[32m[0910 14:14:22 @monitor.py:363][0m validation_accuracy: 0.98818
[32m[0910 14:14:22 @monitor.py:363][0m validation_cross_entropy_loss: 0.039964
[32m[0910 14:14:22 @monitor.py:363][0m validation_error: 0.0121
[32m[0910 14:14:22 @base.py:191][0m Start Epoch 18 ...
[32m[0910 14:14:26 @base.py:201][0m Epoch 18 (global_step 8424) finished, time:4.18 sec.
[32m[0910 14:14:26 @saver.py:84][0m Model saved to train_log/mnist-cnn/model-8424.
[32m[0910 14:14:27 @monitor.py:363][0m accuracy: 0.99257
[32m[0910 14:14:27 @monitor.py:363][0m cross_entropy_loss: 0.023691
[32m[0910 14:14:27 @monitor.py:363][0m learning_rate: 0.1
[32m[0910 14:14:27 @monitor.py:363][0m regularize_loss: 0.00058736
[32m[0910 14:14:27 @monitor.py:363][0m total_cost: 0.024279
[32m[0910 14:14:27 @monitor.py:363][0m train_error: 0.0074264
[32m[0910 14:14:27 @monitor.py:363][0m validation_accuracy: 0.98652
[32m[0910 14:14:27 @monitor.py:363][0m validation_cross_entropy_loss: 0.044757
[32m[0910 14:14:27 @monitor.py:363][0m validation_error: 0.0138
[32m[0910 14:14:27 @base.py:191][0m Start Epoch 19 ...
[32m[0910 14:14:31 @base.py:201][0m Epoch 19 (global_step 8892) finished, time:4.29 sec.
[32m[0910 14:14:31 @saver.py:84][0m Model saved to train_log/mnist-cnn/model-8892.
[32m[0910 14:14:31 @monitor.py:363][0m accuracy: 0.98912
[32m[0910 14:14:31 @monitor.py:363][0m cross_entropy_loss: 0.028818
[32m[0910 14:14:31 @monitor.py:363][0m learning_rate: 0.1
[32m[0910 14:14:31 @monitor.py:363][0m regularize_loss: 0.00059376
[32m[0910 14:14:31 @monitor.py:363][0m total_cost: 0.029412
[32m[0910 14:14:31 @monitor.py:363][0m train_error: 0.010881
[32m[0910 14:14:31 @monitor.py:363][0m validation_accuracy: 0.98945
[32m[0910 14:14:31 @monitor.py:363][0m validation_cross_entropy_loss: 0.038216
[32m[0910 14:14:31 @monitor.py:363][0m validation_error: 0.0108
[32m[0910 14:14:31 @base.py:191][0m Start Epoch 20 ...
[32m[0910 14:14:35 @base.py:201][0m Epoch 20 (global_step 9360) finished, time:4.18 sec.
[32m[0910 14:14:36 @saver.py:84][0m Model saved to train_log/mnist-cnn/model-9360.
[32m[0910 14:14:36 @monitor.py:363][0m accuracy: 0.9907
[32m[0910 14:14:36 @monitor.py:363][0m cross_entropy_loss: 0.02679
[32m[0910 14:14:36 @monitor.py:363][0m learning_rate: 0.1
[32m[0910 14:14:36 @monitor.py:363][0m regularize_loss: 0.00059982
[32m[0910 14:14:36 @monitor.py:363][0m total_cost: 0.02739
[32m[0910 14:14:36 @monitor.py:363][0m train_error: 0.0093004
[32m[0910 14:14:36 @monitor.py:363][0m validation_accuracy: 0.98867
[32m[0910 14:14:36 @monitor.py:363][0m validation_cross_entropy_loss: 0.035097
[32m[0910 14:14:36 @monitor.py:363][0m validation_error: 0.0116
[32m[0910 14:14:36 @base.py:191][0m Start Epoch 21 ...
[32m[0910 14:14:40 @base.py:201][0m Epoch 21 (global_step 9828) finished, time:4.23 sec.
[32m[0910 14:14:40 @saver.py:84][0m Model saved to train_log/mnist-cnn/model-9828.
[32m[0910 14:14:40 @monitor.py:363][0m accuracy: 0.99284
[32m[0910 14:14:40 @monitor.py:363][0m cross_entropy_loss: 0.023891
[32m[0910 14:14:40 @monitor.py:363][0m learning_rate: 0.1
[32m[0910 14:14:40 @monitor.py:363][0m regularize_loss: 0.00060513
[32m[0910 14:14:40 @monitor.py:363][0m total_cost: 0.024496
[32m[0910 14:14:40 @monitor.py:363][0m train_error: 0.0071556
[32m[0910 14:14:40 @monitor.py:363][0m validation_accuracy: 0.98906
[32m[0910 14:14:40 @monitor.py:363][0m validation_cross_entropy_loss: 0.036633
[32m[0910 14:14:40 @monitor.py:363][0m validation_error: 0.0112
[32m[0910 14:14:40 @base.py:191][0m Start Epoch 22 ...
[32m[0910 14:14:45 @base.py:201][0m Epoch 22 (global_step 10296) finished, time:4.29 sec.
[32m[0910 14:14:45 @saver.py:84][0m Model saved to train_log/mnist-cnn/model-10296.
[32m[0910 14:14:45 @monitor.py:363][0m accuracy: 0.99113
[32m[0910 14:14:45 @monitor.py:363][0m cross_entropy_loss: 0.027828
[32m[0910 14:14:45 @monitor.py:363][0m learning_rate: 0.1
[32m[0910 14:14:45 @monitor.py:363][0m regularize_loss: 0.00061153
[32m[0910 14:14:45 @monitor.py:363][0m total_cost: 0.028439
[32m[0910 14:14:45 @monitor.py:363][0m train_error: 0.0088713
[32m[0910 14:14:45 @monitor.py:363][0m validation_accuracy: 0.99043
[32m[0910 14:14:45 @monitor.py:363][0m validation_cross_entropy_loss: 0.032535
[32m[0910 14:14:45 @monitor.py:363][0m validation_error: 0.0098
[32m[0910 14:14:45 @base.py:191][0m Start Epoch 23 ...
[32m[0910 14:14:49 @base.py:201][0m Epoch 23 (global_step 10764) finished, time:4.14 sec.
[32m[0910 14:14:49 @saver.py:84][0m Model saved to train_log/mnist-cnn/model-10764.
[32m[0910 14:14:49 @saver.py:155][0m Model with maximum 'validation_accuracy' saved.
[32m[0910 14:14:50 @monitor.py:363][0m accuracy: 0.99222
[32m[0910 14:14:50 @monitor.py:363][0m cross_entropy_loss: 0.021312
[32m[0910 14:14:50 @monitor.py:363][0m learning_rate: 0.1
[32m[0910 14:14:50 @monitor.py:363][0m regularize_loss: 0.00061219
[32m[0910 14:14:50 @monitor.py:363][0m total_cost: 0.021924
[32m[0910 14:14:50 @monitor.py:363][0m train_error: 0.0077782
[32m[0910 14:14:50 @monitor.py:363][0m validation_accuracy: 0.98867
[32m[0910 14:14:50 @monitor.py:363][0m validation_cross_entropy_loss: 0.035707
[32m[0910 14:14:50 @monitor.py:363][0m validation_error: 0.0116
[32m[0910 14:14:50 @base.py:191][0m Start Epoch 24 ...
[32m[0910 14:14:54 @base.py:201][0m Epoch 24 (global_step 11232) finished, time:4.18 sec.
[32m[0910 14:14:54 @saver.py:84][0m Model saved to train_log/mnist-cnn/model-11232.
[32m[0910 14:14:54 @monitor.py:363][0m accuracy: 0.99308
[32m[0910 14:14:54 @monitor.py:363][0m cross_entropy_loss: 0.019105
[32m[0910 14:14:54 @monitor.py:363][0m learning_rate: 0.1
[32m[0910 14:14:54 @monitor.py:363][0m regularize_loss: 0.00061501
[32m[0910 14:14:54 @monitor.py:363][0m total_cost: 0.01972
[32m[0910 14:14:54 @monitor.py:363][0m train_error: 0.0069229
[32m[0910 14:14:54 @monitor.py:363][0m validation_accuracy: 0.9916
[32m[0910 14:14:54 @monitor.py:363][0m validation_cross_entropy_loss: 0.027653
[32m[0910 14:14:54 @monitor.py:363][0m validation_error: 0.0086
[32m[0910 14:14:54 @base.py:191][0m Start Epoch 25 ...
[32m[0910 14:14:58 @base.py:201][0m Epoch 25 (global_step 11700) finished, time:4.24 sec.
[32m[0910 14:14:58 @saver.py:84][0m Model saved to train_log/mnist-cnn/model-11700.
[32m[0910 14:14:58 @saver.py:155][0m Model with maximum 'validation_accuracy' saved.
[32m[0910 14:14:59 @monitor.py:363][0m accuracy: 0.99323
[32m[0910 14:14:59 @monitor.py:363][0m cross_entropy_loss: 0.017543
[32m[0910 14:14:59 @monitor.py:363][0m learning_rate: 0.1
[32m[0910 14:14:59 @monitor.py:363][0m regularize_loss: 0.00062159
[32m[0910 14:14:59 @monitor.py:363][0m total_cost: 0.018164
[32m[0910 14:14:59 @monitor.py:363][0m train_error: 0.0067729
[32m[0910 14:14:59 @monitor.py:363][0m validation_accuracy: 0.99033
[32m[0910 14:14:59 @monitor.py:363][0m validation_cross_entropy_loss: 0.031693
[32m[0910 14:14:59 @monitor.py:363][0m validation_error: 0.0099
[32m[0910 14:14:59 @base.py:191][0m Start Epoch 26 ...
[32m[0910 14:15:03 @base.py:201][0m Epoch 26 (global_step 12168) finished, time:4.19 sec.
[32m[0910 14:15:03 @saver.py:84][0m Model saved to train_log/mnist-cnn/model-12168.
[32m[0910 14:15:03 @monitor.py:363][0m accuracy: 0.99314
[32m[0910 14:15:03 @monitor.py:363][0m cross_entropy_loss: 0.020128
[32m[0910 14:15:03 @monitor.py:363][0m learning_rate: 0.1
[32m[0910 14:15:03 @monitor.py:363][0m regularize_loss: 0.00062253
[32m[0910 14:15:03 @monitor.py:363][0m total_cost: 0.02075
[32m[0910 14:15:03 @monitor.py:363][0m train_error: 0.0068574
[32m[0910 14:15:03 @monitor.py:363][0m validation_accuracy: 0.99141
[32m[0910 14:15:03 @monitor.py:363][0m validation_cross_entropy_loss: 0.029732
[32m[0910 14:15:03 @monitor.py:363][0m validation_error: 0.0088
[32m[0910 14:15:03 @base.py:191][0m Start Epoch 27 ...
[32m[0910 14:15:08 @base.py:201][0m Epoch 27 (global_step 12636) finished, time:4.28 sec.
[32m[0910 14:15:08 @saver.py:84][0m Model saved to train_log/mnist-cnn/model-12636.
[32m[0910 14:15:08 @monitor.py:363][0m accuracy: 0.9945
[32m[0910 14:15:08 @monitor.py:363][0m cross_entropy_loss: 0.01899
[32m[0910 14:15:08 @monitor.py:363][0m learning_rate: 0.1
[32m[0910 14:15:08 @monitor.py:363][0m regularize_loss: 0.00062429
[32m[0910 14:15:08 @monitor.py:363][0m total_cost: 0.019615
[32m[0910 14:15:08 @monitor.py:363][0m train_error: 0.0054966
[32m[0910 14:15:08 @monitor.py:363][0m validation_accuracy: 0.99102
[32m[0910 14:15:08 @monitor.py:363][0m validation_cross_entropy_loss: 0.031772
[32m[0910 14:15:08 @monitor.py:363][0m validation_error: 0.0092
[32m[0910 14:15:08 @base.py:191][0m Start Epoch 28 ...
[32m[0910 14:15:12 @base.py:201][0m Epoch 28 (global_step 13104) finished, time:4.14 sec.
[32m[0910 14:15:12 @saver.py:84][0m Model saved to train_log/mnist-cnn/model-13104.
[32m[0910 14:15:13 @monitor.py:363][0m accuracy: 0.99142
[32m[0910 14:15:13 @monitor.py:363][0m cross_entropy_loss: 0.026007
[32m[0910 14:15:13 @monitor.py:363][0m learning_rate: 0.1
[32m[0910 14:15:13 @monitor.py:363][0m regularize_loss: 0.00063054
[32m[0910 14:15:13 @monitor.py:363][0m total_cost: 0.026638
[32m[0910 14:15:13 @monitor.py:363][0m train_error: 0.0085823
[32m[0910 14:15:13 @monitor.py:363][0m validation_accuracy: 0.98867
[32m[0910 14:15:13 @monitor.py:363][0m validation_cross_entropy_loss: 0.033466
[32m[0910 14:15:13 @monitor.py:363][0m validation_error: 0.0116
[32m[0910 14:15:13 @base.py:191][0m Start Epoch 29 ...
[32m[0910 14:15:17 @base.py:201][0m Epoch 29 (global_step 13572) finished, time:4.23 sec.
[32m[0910 14:15:17 @saver.py:84][0m Model saved to train_log/mnist-cnn/model-13572.
[32m[0910 14:15:17 @monitor.py:363][0m accuracy: 0.99595
[32m[0910 14:15:17 @monitor.py:363][0m cross_entropy_loss: 0.011009
[32m[0910 14:15:17 @monitor.py:363][0m learning_rate: 0.1
[32m[0910 14:15:17 @monitor.py:363][0m regularize_loss: 0.00063806
[32m[0910 14:15:17 @monitor.py:363][0m total_cost: 0.011647
[32m[0910 14:15:17 @monitor.py:363][0m train_error: 0.0040467
[32m[0910 14:15:17 @monitor.py:363][0m validation_accuracy: 0.9916
[32m[0910 14:15:17 @monitor.py:363][0m validation_cross_entropy_loss: 0.030663
[32m[0910 14:15:17 @monitor.py:363][0m validation_error: 0.0086
[32m[0910 14:15:17 @base.py:191][0m Start Epoch 30 ...
[32m[0910 14:15:22 @base.py:201][0m Epoch 30 (global_step 14040) finished, time:4.29 sec.
[32m[0910 14:15:22 @saver.py:84][0m Model saved to train_log/mnist-cnn/model-14040.
[32m[0910 14:15:22 @monitor.py:363][0m accuracy: 0.99572
[32m[0910 14:15:22 @monitor.py:363][0m cross_entropy_loss: 0.015563
[32m[0910 14:15:22 @monitor.py:363][0m learning_rate: 0.1
[32m[0910 14:15:22 @monitor.py:363][0m regularize_loss: 0.00064037
[32m[0910 14:15:22 @monitor.py:363][0m total_cost: 0.016203
[32m[0910 14:15:22 @monitor.py:363][0m train_error: 0.0042761
[32m[0910 14:15:22 @monitor.py:363][0m validation_accuracy: 0.98887
[32m[0910 14:15:22 @monitor.py:363][0m validation_cross_entropy_loss: 0.038755
[32m[0910 14:15:22 @monitor.py:363][0m validation_error: 0.0114
[32m[0910 14:15:22 @base.py:191][0m Start Epoch 31 ...
[32m[0910 14:15:26 @base.py:201][0m Epoch 31 (global_step 14508) finished, time:4.24 sec.
[32m[0910 14:15:26 @saver.py:84][0m Model saved to train_log/mnist-cnn/model-14508.
[32m[0910 14:15:27 @monitor.py:363][0m accuracy: 0.99422
[32m[0910 14:15:27 @monitor.py:363][0m cross_entropy_loss: 0.013926
[32m[0910 14:15:27 @monitor.py:363][0m learning_rate: 0.1
[32m[0910 14:15:27 @monitor.py:363][0m regularize_loss: 0.00064435
[32m[0910 14:15:27 @monitor.py:363][0m total_cost: 0.014571
[32m[0910 14:15:27 @monitor.py:363][0m train_error: 0.0057788
[32m[0910 14:15:27 @monitor.py:363][0m validation_accuracy: 0.99111
[32m[0910 14:15:27 @monitor.py:363][0m validation_cross_entropy_loss: 0.027935
[32m[0910 14:15:27 @monitor.py:363][0m validation_error: 0.0091
[32m[0910 14:15:27 @base.py:191][0m Start Epoch 32 ...
[32m[0910 14:15:31 @base.py:201][0m Epoch 32 (global_step 14976) finished, time:4.24 sec.
[32m[0910 14:15:31 @saver.py:84][0m Model saved to train_log/mnist-cnn/model-14976.
[32m[0910 14:15:31 @monitor.py:363][0m accuracy: 0.9953
[32m[0910 14:15:31 @monitor.py:363][0m cross_entropy_loss: 0.012403
[32m[0910 14:15:31 @monitor.py:363][0m learning_rate: 0.1
[32m[0910 14:15:31 @monitor.py:363][0m regularize_loss: 0.00064777
[32m[0910 14:15:31 @monitor.py:363][0m total_cost: 0.01305
[32m[0910 14:15:31 @monitor.py:363][0m train_error: 0.0046958
[32m[0910 14:15:31 @monitor.py:363][0m validation_accuracy: 0.99063
[32m[0910 14:15:31 @monitor.py:363][0m validation_cross_entropy_loss: 0.028896
[32m[0910 14:15:31 @monitor.py:363][0m validation_error: 0.0096
[32m[0910 14:15:31 @base.py:191][0m Start Epoch 33 ...
[32m[0910 14:15:36 @base.py:201][0m Epoch 33 (global_step 15444) finished, time:4.24 sec.
[32m[0910 14:15:36 @saver.py:84][0m Model saved to train_log/mnist-cnn/model-15444.
[32m[0910 14:15:36 @monitor.py:363][0m accuracy: 0.99405
[32m[0910 14:15:36 @monitor.py:363][0m cross_entropy_loss: 0.02112
[32m[0910 14:15:36 @monitor.py:363][0m learning_rate: 0.1
[32m[0910 14:15:36 @monitor.py:363][0m regularize_loss: 0.00065393
[32m[0910 14:15:36 @monitor.py:363][0m total_cost: 0.021774
[32m[0910 14:15:36 @monitor.py:363][0m train_error: 0.0059477
[32m[0910 14:15:36 @monitor.py:363][0m validation_accuracy: 0.99111
[32m[0910 14:15:36 @monitor.py:363][0m validation_cross_entropy_loss: 0.027593
[32m[0910 14:15:36 @monitor.py:363][0m validation_error: 0.0076
[32m[0910 14:15:36 @base.py:191][0m Start Epoch 34 ...
[32m[0910 14:15:40 @base.py:201][0m Epoch 34 (global_step 15912) finished, time:4.19 sec.
[32m[0910 14:15:40 @saver.py:84][0m Model saved to train_log/mnist-cnn/model-15912.
[32m[0910 14:15:41 @monitor.py:363][0m accuracy: 0.9955
[32m[0910 14:15:41 @monitor.py:363][0m cross_entropy_loss: 0.016372
[32m[0910 14:15:41 @monitor.py:363][0m learning_rate: 0.1
[32m[0910 14:15:41 @monitor.py:363][0m regularize_loss: 0.00065244
[32m[0910 14:15:41 @monitor.py:363][0m total_cost: 0.017024
[32m[0910 14:15:41 @monitor.py:363][0m train_error: 0.0044964
[32m[0910 14:15:41 @monitor.py:363][0m validation_accuracy: 0.99199
[32m[0910 14:15:41 @monitor.py:363][0m validation_cross_entropy_loss: 0.026521
[32m[0910 14:15:41 @monitor.py:363][0m validation_error: 0.0082
[32m[0910 14:15:41 @base.py:191][0m Start Epoch 35 ...
[32m[0910 14:15:45 @base.py:201][0m Epoch 35 (global_step 16380) finished, time:4.24 sec.
[32m[0910 14:15:45 @saver.py:84][0m Model saved to train_log/mnist-cnn/model-16380.
[32m[0910 14:15:45 @saver.py:155][0m Model with maximum 'validation_accuracy' saved.
[32m[0910 14:15:45 @monitor.py:363][0m accuracy: 0.99444
[32m[0910 14:15:45 @monitor.py:363][0m cross_entropy_loss: 0.019274
[32m[0910 14:15:45 @monitor.py:363][0m learning_rate: 0.1
[32m[0910 14:15:45 @monitor.py:363][0m regularize_loss: 0.00065689
[32m[0910 14:15:45 @monitor.py:363][0m total_cost: 0.019931
[32m[0910 14:15:45 @monitor.py:363][0m train_error: 0.0055639
[32m[0910 14:15:45 @monitor.py:363][0m validation_accuracy: 0.98984
[32m[0910 14:15:45 @monitor.py:363][0m validation_cross_entropy_loss: 0.036338
[32m[0910 14:15:45 @monitor.py:363][0m validation_error: 0.0104
[32m[0910 14:15:45 @base.py:191][0m Start Epoch 36 ...
[32m[0910 14:15:50 @base.py:201][0m Epoch 36 (global_step 16848) finished, time:4.34 sec.
[32m[0910 14:15:50 @saver.py:84][0m Model saved to train_log/mnist-cnn/model-16848.
[32m[0910 14:15:50 @monitor.py:363][0m accuracy: 0.99434
[32m[0910 14:15:50 @monitor.py:363][0m cross_entropy_loss: 0.017774
[32m[0910 14:15:50 @monitor.py:363][0m learning_rate: 0.1
[32m[0910 14:15:50 @monitor.py:363][0m regularize_loss: 0.00066136
[32m[0910 14:15:50 @monitor.py:363][0m total_cost: 0.018436
[32m[0910 14:15:50 @monitor.py:363][0m train_error: 0.0056569
[32m[0910 14:15:50 @monitor.py:363][0m validation_accuracy: 0.98994
[32m[0910 14:15:50 @monitor.py:363][0m validation_cross_entropy_loss: 0.030208
[32m[0910 14:15:50 @monitor.py:363][0m validation_error: 0.0088
[32m[0910 14:15:50 @base.py:191][0m Start Epoch 37 ...
[32m[0910 14:15:54 @base.py:201][0m Epoch 37 (global_step 17316) finished, time:4.19 sec.
[32m[0910 14:15:54 @saver.py:84][0m Model saved to train_log/mnist-cnn/model-17316.
[32m[0910 14:15:54 @monitor.py:363][0m accuracy: 0.99552
[32m[0910 14:15:54 @monitor.py:363][0m cross_entropy_loss: 0.016476
[32m[0910 14:15:54 @monitor.py:363][0m learning_rate: 0.1
[32m[0910 14:15:54 @monitor.py:363][0m regularize_loss: 0.00066791
[32m[0910 14:15:54 @monitor.py:363][0m total_cost: 0.017143
[32m[0910 14:15:54 @monitor.py:363][0m train_error: 0.004475
[32m[0910 14:15:54 @monitor.py:363][0m validation_accuracy: 0.99043
[32m[0910 14:15:54 @monitor.py:363][0m validation_cross_entropy_loss: 0.033894
[32m[0910 14:15:54 @monitor.py:363][0m validation_error: 0.0098
[32m[0910 14:15:54 @base.py:191][0m Start Epoch 38 ...
[32m[0910 14:15:59 @base.py:201][0m Epoch 38 (global_step 17784) finished, time:4.39 sec.
[32m[0910 14:15:59 @saver.py:84][0m Model saved to train_log/mnist-cnn/model-17784.
[32m[0910 14:15:59 @monitor.py:363][0m accuracy: 0.99526
[32m[0910 14:15:59 @monitor.py:363][0m cross_entropy_loss: 0.011966
[32m[0910 14:15:59 @monitor.py:363][0m learning_rate: 0.1
[32m[0910 14:15:59 @monitor.py:363][0m regularize_loss: 0.00066977
[32m[0910 14:15:59 @monitor.py:363][0m total_cost: 0.012635
[32m[0910 14:15:59 @monitor.py:363][0m train_error: 0.0047404
[32m[0910 14:15:59 @monitor.py:363][0m validation_accuracy: 0.99043
[32m[0910 14:15:59 @monitor.py:363][0m validation_cross_entropy_loss: 0.034557
[32m[0910 14:15:59 @monitor.py:363][0m validation_error: 0.0098
[32m[0910 14:15:59 @base.py:191][0m Start Epoch 39 ...
[32m[0910 14:16:04 @base.py:201][0m Epoch 39 (global_step 18252) finished, time:4.49 sec.
[32m[0910 14:16:04 @saver.py:84][0m Model saved to train_log/mnist-cnn/model-18252.
[32m[0910 14:16:04 @monitor.py:363][0m accuracy: 0.99309
[32m[0910 14:16:04 @monitor.py:363][0m cross_entropy_loss: 0.017292
[32m[0910 14:16:04 @monitor.py:363][0m learning_rate: 0.1
[32m[0910 14:16:04 @monitor.py:363][0m regularize_loss: 0.00067312
[32m[0910 14:16:04 @monitor.py:363][0m total_cost: 0.017965
[32m[0910 14:16:04 @monitor.py:363][0m train_error: 0.0069051
[32m[0910 14:16:04 @monitor.py:363][0m validation_accuracy: 0.98887
[32m[0910 14:16:04 @monitor.py:363][0m validation_cross_entropy_loss: 0.037621
[32m[0910 14:16:04 @monitor.py:363][0m validation_error: 0.0099
[32m[0910 14:16:04 @base.py:191][0m Start Epoch 40 ...
[32m[0910 14:16:09 @base.py:201][0m Epoch 40 (global_step 18720) finished, time:4.44 sec.
[32m[0910 14:16:09 @saver.py:84][0m Model saved to train_log/mnist-cnn/model-18720.
[32m[0910 14:16:09 @monitor.py:363][0m accuracy: 0.99592
[32m[0910 14:16:09 @monitor.py:363][0m cross_entropy_loss: 0.014444
[32m[0910 14:16:09 @monitor.py:363][0m learning_rate: 0.1
[32m[0910 14:16:09 @monitor.py:363][0m regularize_loss: 0.00067526
[32m[0910 14:16:09 @monitor.py:363][0m total_cost: 0.015119
[32m[0910 14:16:09 @monitor.py:363][0m train_error: 0.0040829
[32m[0910 14:16:09 @monitor.py:363][0m validation_accuracy: 0.99277
[32m[0910 14:16:09 @monitor.py:363][0m validation_cross_entropy_loss: 0.026831
[32m[0910 14:16:09 @monitor.py:363][0m validation_error: 0.0074
[32m[0910 14:16:09 @base.py:191][0m Start Epoch 41 ...
[32m[0910 14:16:13 @base.py:201][0m Epoch 41 (global_step 19188) finished, time:4.34 sec.
[32m[0910 14:16:13 @saver.py:84][0m Model saved to train_log/mnist-cnn/model-19188.
[32m[0910 14:16:13 @saver.py:155][0m Model with maximum 'validation_accuracy' saved.
[32m[0910 14:16:14 @monitor.py:363][0m accuracy: 0.99566
[32m[0910 14:16:14 @monitor.py:363][0m cross_entropy_loss: 0.013393
[32m[0910 14:16:14 @monitor.py:363][0m learning_rate: 0.1
[32m[0910 14:16:14 @monitor.py:363][0m regularize_loss: 0.00067899
[32m[0910 14:16:14 @monitor.py:363][0m total_cost: 0.014072
[32m[0910 14:16:14 @monitor.py:363][0m train_error: 0.0043418
[32m[0910 14:16:14 @monitor.py:363][0m validation_accuracy: 0.9918
[32m[0910 14:16:14 @monitor.py:363][0m validation_cross_entropy_loss: 0.030798
[32m[0910 14:16:14 @monitor.py:363][0m validation_error: 0.0084
[32m[0910 14:16:14 @base.py:191][0m Start Epoch 42 ...
[32m[0910 14:16:18 @base.py:201][0m Epoch 42 (global_step 19656) finished, time:4.29 sec.
[32m[0910 14:16:18 @saver.py:84][0m Model saved to train_log/mnist-cnn/model-19656.
[32m[0910 14:16:18 @monitor.py:363][0m accuracy: 0.99418
[32m[0910 14:16:18 @monitor.py:363][0m cross_entropy_loss: 0.020008
[32m[0910 14:16:18 @monitor.py:363][0m learning_rate: 0.1
[32m[0910 14:16:18 @monitor.py:363][0m regularize_loss: 0.00068471
[32m[0910 14:16:18 @monitor.py:363][0m total_cost: 0.020693
[32m[0910 14:16:18 @monitor.py:363][0m train_error: 0.0058206
[32m[0910 14:16:18 @monitor.py:363][0m validation_accuracy: 0.99004
[32m[0910 14:16:18 @monitor.py:363][0m validation_cross_entropy_loss: 0.03849
[32m[0910 14:16:18 @monitor.py:363][0m validation_error: 0.0102
[32m[0910 14:16:18 @base.py:191][0m Start Epoch 43 ...
[32m[0910 14:16:23 @base.py:201][0m Epoch 43 (global_step 20124) finished, time:4.28 sec.
[32m[0910 14:16:23 @saver.py:84][0m Model saved to train_log/mnist-cnn/model-20124.
[32m[0910 14:16:23 @monitor.py:363][0m accuracy: 0.99459
[32m[0910 14:16:23 @monitor.py:363][0m cross_entropy_loss: 0.014558
[32m[0910 14:16:23 @monitor.py:363][0m learning_rate: 0.1
[32m[0910 14:16:23 @monitor.py:363][0m regularize_loss: 0.00068919
[32m[0910 14:16:23 @monitor.py:363][0m total_cost: 0.015247
[32m[0910 14:16:23 @monitor.py:363][0m train_error: 0.005408
[32m[0910 14:16:23 @monitor.py:363][0m validation_accuracy: 0.99043
[32m[0910 14:16:23 @monitor.py:363][0m validation_cross_entropy_loss: 0.035493
[32m[0910 14:16:23 @monitor.py:363][0m validation_error: 0.0098
[32m[0910 14:16:23 @base.py:191][0m Start Epoch 44 ...
[32m[0910 14:16:27 @base.py:201][0m Epoch 44 (global_step 20592) finished, time:4.24 sec.
[32m[0910 14:16:27 @saver.py:84][0m Model saved to train_log/mnist-cnn/model-20592.
[32m[0910 14:16:28 @monitor.py:363][0m accuracy: 0.99082
[32m[0910 14:16:28 @monitor.py:363][0m cross_entropy_loss: 0.02481
[32m[0910 14:16:28 @monitor.py:363][0m learning_rate: 0.1
[32m[0910 14:16:28 @monitor.py:363][0m regularize_loss: 0.00069502
[32m[0910 14:16:28 @monitor.py:363][0m total_cost: 0.025505
[32m[0910 14:16:28 @monitor.py:363][0m train_error: 0.0091815
[32m[0910 14:16:28 @monitor.py:363][0m validation_accuracy: 0.9915
[32m[0910 14:16:28 @monitor.py:363][0m validation_cross_entropy_loss: 0.032277
[32m[0910 14:16:28 @monitor.py:363][0m validation_error: 0.0087
[32m[0910 14:16:28 @base.py:191][0m Start Epoch 45 ...
[32m[0910 14:16:32 @base.py:201][0m Epoch 45 (global_step 21060) finished, time:4.29 sec.
[32m[0910 14:16:32 @saver.py:84][0m Model saved to train_log/mnist-cnn/model-21060.
[32m[0910 14:16:32 @monitor.py:363][0m accuracy: 0.99497
[32m[0910 14:16:32 @monitor.py:363][0m cross_entropy_loss: 0.016761
[32m[0910 14:16:32 @monitor.py:363][0m learning_rate: 0.1
[32m[0910 14:16:32 @monitor.py:363][0m regularize_loss: 0.00069822
[32m[0910 14:16:32 @monitor.py:363][0m total_cost: 0.017459
[32m[0910 14:16:32 @monitor.py:363][0m train_error: 0.0050307
[32m[0910 14:16:32 @monitor.py:363][0m validation_accuracy: 0.98779
[32m[0910 14:16:32 @monitor.py:363][0m validation_cross_entropy_loss: 0.047955
[32m[0910 14:16:32 @monitor.py:363][0m validation_error: 0.0125
[32m[0910 14:16:32 @base.py:191][0m Start Epoch 46 ...
[32m[0910 14:16:37 @base.py:201][0m Epoch 46 (global_step 21528) finished, time:4.24 sec.
[32m[0910 14:16:37 @saver.py:84][0m Model saved to train_log/mnist-cnn/model-21528.
[32m[0910 14:16:37 @monitor.py:363][0m accuracy: 0.99541
[32m[0910 14:16:37 @monitor.py:363][0m cross_entropy_loss: 0.013718
[32m[0910 14:16:37 @monitor.py:363][0m learning_rate: 0.1
[32m[0910 14:16:37 @monitor.py:363][0m regularize_loss: 0.00069997
[32m[0910 14:16:37 @monitor.py:363][0m total_cost: 0.014418
[32m[0910 14:16:37 @monitor.py:363][0m train_error: 0.0045862
[32m[0910 14:16:37 @monitor.py:363][0m validation_accuracy: 0.99053
[32m[0910 14:16:37 @monitor.py:363][0m validation_cross_entropy_loss: 0.035329
[32m[0910 14:16:37 @monitor.py:363][0m validation_error: 0.0082
[32m[0910 14:16:37 @base.py:191][0m Start Epoch 47 ...
[32m[0910 14:16:41 @base.py:201][0m Epoch 47 (global_step 21996) finished, time:4.29 sec.
[32m[0910 14:16:41 @saver.py:84][0m Model saved to train_log/mnist-cnn/model-21996.
[32m[0910 14:16:42 @monitor.py:363][0m accuracy: 0.99466
[32m[0910 14:16:42 @monitor.py:363][0m cross_entropy_loss: 0.012359
[32m[0910 14:16:42 @monitor.py:363][0m learning_rate: 0.1
[32m[0910 14:16:42 @monitor.py:363][0m regularize_loss: 0.00070273
[32m[0910 14:16:42 @monitor.py:363][0m total_cost: 0.013062
[32m[0910 14:16:42 @monitor.py:363][0m train_error: 0.0053363
[32m[0910 14:16:42 @monitor.py:363][0m validation_accuracy: 0.98857
[32m[0910 14:16:42 @monitor.py:363][0m validation_cross_entropy_loss: 0.043884
[32m[0910 14:16:42 @monitor.py:363][0m validation_error: 0.0102
[32m[0910 14:16:42 @base.py:191][0m Start Epoch 48 ...
[32m[0910 14:16:46 @base.py:201][0m Epoch 48 (global_step 22464) finished, time:4.24 sec.
[32m[0910 14:16:46 @saver.py:84][0m Model saved to train_log/mnist-cnn/model-22464.
[32m[0910 14:16:46 @monitor.py:363][0m accuracy: 0.9983
[32m[0910 14:16:46 @monitor.py:363][0m cross_entropy_loss: 0.0066084
[32m[0910 14:16:46 @monitor.py:363][0m learning_rate: 0.1
[32m[0910 14:16:46 @monitor.py:363][0m regularize_loss: 0.00070534
[32m[0910 14:16:46 @monitor.py:363][0m total_cost: 0.0073138
[32m[0910 14:16:46 @monitor.py:363][0m train_error: 0.0016978
[32m[0910 14:16:46 @monitor.py:363][0m validation_accuracy: 0.99238
[32m[0910 14:16:46 @monitor.py:363][0m validation_cross_entropy_loss: 0.027401
[32m[0910 14:16:46 @monitor.py:363][0m validation_error: 0.0078
[32m[0910 14:16:46 @base.py:191][0m Start Epoch 49 ...
[32m[0910 14:16:51 @base.py:201][0m Epoch 49 (global_step 22932) finished, time:4.29 sec.
[32m[0910 14:16:51 @saver.py:84][0m Model saved to train_log/mnist-cnn/model-22932.
[32m[0910 14:16:51 @monitor.py:363][0m accuracy: 0.99516
[32m[0910 14:16:51 @monitor.py:363][0m cross_entropy_loss: 0.01509
[32m[0910 14:16:51 @monitor.py:363][0m learning_rate: 0.1
[32m[0910 14:16:51 @monitor.py:363][0m regularize_loss: 0.00070853
[32m[0910 14:16:51 @monitor.py:363][0m total_cost: 0.015799
[32m[0910 14:16:51 @monitor.py:363][0m train_error: 0.0048427
[32m[0910 14:16:51 @monitor.py:363][0m validation_accuracy: 0.99131
[32m[0910 14:16:51 @monitor.py:363][0m validation_cross_entropy_loss: 0.031847
[32m[0910 14:16:51 @monitor.py:363][0m validation_error: 0.0089
[32m[0910 14:16:51 @base.py:191][0m Start Epoch 50 ...
[32m[0910 14:16:55 @base.py:201][0m Epoch 50 (global_step 23400) finished, time:4.33 sec.
[32m[0910 14:16:55 @saver.py:84][0m Model saved to train_log/mnist-cnn/model-23400.
[32m[0910 14:16:56 @monitor.py:363][0m accuracy: 0.99413
[32m[0910 14:16:56 @monitor.py:363][0m cross_entropy_loss: 0.018117
[32m[0910 14:16:56 @monitor.py:363][0m learning_rate: 0.1
[32m[0910 14:16:56 @monitor.py:363][0m regularize_loss: 0.00071252
[32m[0910 14:16:56 @monitor.py:363][0m total_cost: 0.01883
[32m[0910 14:16:56 @monitor.py:363][0m train_error: 0.0058672
[32m[0910 14:16:56 @monitor.py:363][0m validation_accuracy: 0.99092
[32m[0910 14:16:56 @monitor.py:363][0m validation_cross_entropy_loss: 0.041287
[32m[0910 14:16:56 @monitor.py:363][0m validation_error: 0.0078
[32m[0910 14:16:56 @base.py:191][0m Start Epoch 51 ...
[32m[0910 14:17:00 @base.py:201][0m Epoch 51 (global_step 23868) finished, time:4.18 sec.
[32m[0910 14:17:00 @saver.py:84][0m Model saved to train_log/mnist-cnn/model-23868.
[32m[0910 14:17:00 @monitor.py:363][0m accuracy: 0.9961
[32m[0910 14:17:00 @monitor.py:363][0m cross_entropy_loss: 0.011292
[32m[0910 14:17:00 @monitor.py:363][0m learning_rate: 0.1
[32m[0910 14:17:00 @monitor.py:363][0m regularize_loss: 0.00071373
[32m[0910 14:17:00 @monitor.py:363][0m total_cost: 0.012006
[32m[0910 14:17:00 @monitor.py:363][0m train_error: 0.003904
[32m[0910 14:17:00 @monitor.py:363][0m validation_accuracy: 0.99189
[32m[0910 14:17:00 @monitor.py:363][0m validation_cross_entropy_loss: 0.029775
[32m[0910 14:17:00 @monitor.py:363][0m validation_error: 0.0083
[32m[0910 14:17:00 @base.py:191][0m Start Epoch 52 ...
[32m[0910 14:17:05 @base.py:201][0m Epoch 52 (global_step 24336) finished, time:4.24 sec.
[32m[0910 14:17:05 @saver.py:84][0m Model saved to train_log/mnist-cnn/model-24336.
[32m[0910 14:17:05 @monitor.py:363][0m accuracy: 0.99792
[32m[0910 14:17:05 @monitor.py:363][0m cross_entropy_loss: 0.0065823
[32m[0910 14:17:05 @monitor.py:363][0m learning_rate: 0.1
[32m[0910 14:17:05 @monitor.py:363][0m regularize_loss: 0.00071397
[32m[0910 14:17:05 @monitor.py:363][0m total_cost: 0.0072963
[32m[0910 14:17:05 @monitor.py:363][0m train_error: 0.0020805
[32m[0910 14:17:05 @monitor.py:363][0m validation_accuracy: 0.99033
[32m[0910 14:17:05 @monitor.py:363][0m validation_cross_entropy_loss: 0.032734
[32m[0910 14:17:05 @monitor.py:363][0m validation_error: 0.0099
[32m[0910 14:17:05 @base.py:191][0m Start Epoch 53 ...
[32m[0910 14:17:09 @base.py:201][0m Epoch 53 (global_step 24804) finished, time:4.29 sec.
[32m[0910 14:17:09 @saver.py:84][0m Model saved to train_log/mnist-cnn/model-24804.
[32m[0910 14:17:10 @monitor.py:363][0m accuracy: 0.99581
[32m[0910 14:17:10 @monitor.py:363][0m cross_entropy_loss: 0.015307
[32m[0910 14:17:10 @monitor.py:363][0m learning_rate: 0.1
[32m[0910 14:17:10 @monitor.py:363][0m regularize_loss: 0.00071586
[32m[0910 14:17:10 @monitor.py:363][0m total_cost: 0.016023
[32m[0910 14:17:10 @monitor.py:363][0m train_error: 0.004187
[32m[0910 14:17:10 @monitor.py:363][0m validation_accuracy: 0.99268
[32m[0910 14:17:10 @monitor.py:363][0m validation_cross_entropy_loss: 0.027975
[32m[0910 14:17:10 @monitor.py:363][0m validation_error: 0.0075
[32m[0910 14:17:10 @base.py:191][0m Start Epoch 54 ...
[32m[0910 14:17:14 @base.py:201][0m Epoch 54 (global_step 25272) finished, time:4.34 sec.
[32m[0910 14:17:14 @saver.py:84][0m Model saved to train_log/mnist-cnn/model-25272.
[32m[0910 14:17:14 @monitor.py:363][0m accuracy: 0.99749
[32m[0910 14:17:14 @monitor.py:363][0m cross_entropy_loss: 0.0078102
[32m[0910 14:17:14 @monitor.py:363][0m learning_rate: 0.1
[32m[0910 14:17:14 @monitor.py:363][0m regularize_loss: 0.00071897
[32m[0910 14:17:14 @monitor.py:363][0m total_cost: 0.0085292
[32m[0910 14:17:14 @monitor.py:363][0m train_error: 0.0025056
[32m[0910 14:17:14 @monitor.py:363][0m validation_accuracy: 0.98916
[32m[0910 14:17:14 @monitor.py:363][0m validation_cross_entropy_loss: 0.034316
[32m[0910 14:17:14 @monitor.py:363][0m validation_error: 0.0096
[32m[0910 14:17:14 @base.py:191][0m Start Epoch 55 ...
[32m[0910 14:17:19 @base.py:201][0m Epoch 55 (global_step 25740) finished, time:4.34 sec.
[32m[0910 14:17:19 @saver.py:84][0m Model saved to train_log/mnist-cnn/model-25740.
[32m[0910 14:17:19 @monitor.py:363][0m accuracy: 0.99524
[32m[0910 14:17:19 @monitor.py:363][0m cross_entropy_loss: 0.012708
[32m[0910 14:17:19 @monitor.py:363][0m learning_rate: 0.1
[32m[0910 14:17:19 @monitor.py:363][0m regularize_loss: 0.00072483
[32m[0910 14:17:19 @monitor.py:363][0m total_cost: 0.013432
[32m[0910 14:17:19 @monitor.py:363][0m train_error: 0.004764
[32m[0910 14:17:19 @monitor.py:363][0m validation_accuracy: 0.98887
[32m[0910 14:17:19 @monitor.py:363][0m validation_cross_entropy_loss: 0.048127
[32m[0910 14:17:19 @monitor.py:363][0m validation_error: 0.0114
[32m[0910 14:17:19 @base.py:191][0m Start Epoch 56 ...
[32m[0910 14:17:23 @base.py:201][0m Epoch 56 (global_step 26208) finished, time:4.18 sec.
[32m[0910 14:17:23 @saver.py:84][0m Model saved to train_log/mnist-cnn/model-26208.
[32m[0910 14:17:24 @monitor.py:363][0m accuracy: 0.99458
[32m[0910 14:17:24 @monitor.py:363][0m cross_entropy_loss: 0.013773
[32m[0910 14:17:24 @monitor.py:363][0m learning_rate: 0.1
[32m[0910 14:17:24 @monitor.py:363][0m regularize_loss: 0.00072621
[32m[0910 14:17:24 @monitor.py:363][0m total_cost: 0.0145
[32m[0910 14:17:24 @monitor.py:363][0m train_error: 0.0054221
[32m[0910 14:17:24 @monitor.py:363][0m validation_accuracy: 0.99053
[32m[0910 14:17:24 @monitor.py:363][0m validation_cross_entropy_loss: 0.036203
[32m[0910 14:17:24 @monitor.py:363][0m validation_error: 0.0097
[32m[0910 14:17:24 @base.py:191][0m Start Epoch 57 ...
[32m[0910 14:17:28 @base.py:201][0m Epoch 57 (global_step 26676) finished, time:4.29 sec.
[32m[0910 14:17:28 @saver.py:84][0m Model saved to train_log/mnist-cnn/model-26676.
[32m[0910 14:17:28 @monitor.py:363][0m accuracy: 0.9941
[32m[0910 14:17:28 @monitor.py:363][0m cross_entropy_loss: 0.01545
[32m[0910 14:17:28 @monitor.py:363][0m learning_rate: 0.1
[32m[0910 14:17:28 @monitor.py:363][0m regularize_loss: 0.00072607
[32m[0910 14:17:28 @monitor.py:363][0m total_cost: 0.016177
[32m[0910 14:17:28 @monitor.py:363][0m train_error: 0.0058994
[32m[0910 14:17:28 @monitor.py:363][0m validation_accuracy: 0.98906
[32m[0910 14:17:28 @monitor.py:363][0m validation_cross_entropy_loss: 0.046212
[32m[0910 14:17:28 @monitor.py:363][0m validation_error: 0.0097
[32m[0910 14:17:28 @base.py:191][0m Start Epoch 58 ...
[32m[0910 14:17:33 @base.py:201][0m Epoch 58 (global_step 27144) finished, time:4.29 sec.
[32m[0910 14:17:33 @saver.py:84][0m Model saved to train_log/mnist-cnn/model-27144.
[32m[0910 14:17:33 @monitor.py:363][0m accuracy: 0.99673
[32m[0910 14:17:33 @monitor.py:363][0m cross_entropy_loss: 0.011215
[32m[0910 14:17:33 @monitor.py:363][0m learning_rate: 0.1
[32m[0910 14:17:33 @monitor.py:363][0m regularize_loss: 0.00073188
[32m[0910 14:17:33 @monitor.py:363][0m total_cost: 0.011947
[32m[0910 14:17:33 @monitor.py:363][0m train_error: 0.0032674
[32m[0910 14:17:33 @monitor.py:363][0m validation_accuracy: 0.99297
[32m[0910 14:17:33 @monitor.py:363][0m validation_cross_entropy_loss: 0.026764
[32m[0910 14:17:33 @monitor.py:363][0m validation_error: 0.0072
[32m[0910 14:17:33 @base.py:191][0m Start Epoch 59 ...
[32m[0910 14:17:37 @base.py:201][0m Epoch 59 (global_step 27612) finished, time:4.23 sec.
[32m[0910 14:17:37 @saver.py:84][0m Model saved to train_log/mnist-cnn/model-27612.
[32m[0910 14:17:37 @saver.py:155][0m Model with maximum 'validation_accuracy' saved.
[32m[0910 14:17:38 @monitor.py:363][0m accuracy: 0.99559
[32m[0910 14:17:38 @monitor.py:363][0m cross_entropy_loss: 0.010475
[32m[0910 14:17:38 @monitor.py:363][0m learning_rate: 0.1
[32m[0910 14:17:38 @monitor.py:363][0m regularize_loss: 0.00073417
[32m[0910 14:17:38 @monitor.py:363][0m total_cost: 0.011209
[32m[0910 14:17:38 @monitor.py:363][0m train_error: 0.0044086
[32m[0910 14:17:38 @monitor.py:363][0m validation_accuracy: 0.99102
[32m[0910 14:17:38 @monitor.py:363][0m validation_cross_entropy_loss: 0.030241
[32m[0910 14:17:38 @monitor.py:363][0m validation_error: 0.0092
[32m[0910 14:17:38 @base.py:191][0m Start Epoch 60 ...
[32m[0910 14:17:42 @base.py:201][0m Epoch 60 (global_step 28080) finished, time:4.29 sec.
[32m[0910 14:17:42 @saver.py:84][0m Model saved to train_log/mnist-cnn/model-28080.
[32m[0910 14:17:42 @monitor.py:363][0m accuracy: 0.99515
[32m[0910 14:17:42 @monitor.py:363][0m cross_entropy_loss: 0.013382
[32m[0910 14:17:42 @monitor.py:363][0m learning_rate: 0.1
[32m[0910 14:17:42 @monitor.py:363][0m regularize_loss: 0.00073834
[32m[0910 14:17:42 @monitor.py:363][0m total_cost: 0.01412
[32m[0910 14:17:42 @monitor.py:363][0m train_error: 0.0048511
[32m[0910 14:17:42 @monitor.py:363][0m validation_accuracy: 0.99258
[32m[0910 14:17:42 @monitor.py:363][0m validation_cross_entropy_loss: 0.026987
[32m[0910 14:17:42 @monitor.py:363][0m validation_error: 0.0076
[32m[0910 14:17:42 @base.py:191][0m Start Epoch 61 ...
[32m[0910 14:17:47 @base.py:201][0m Epoch 61 (global_step 28548) finished, time:4.29 sec.
[32m[0910 14:17:47 @saver.py:84][0m Model saved to train_log/mnist-cnn/model-28548.
[32m[0910 14:17:47 @monitor.py:363][0m accuracy: 0.99652
[32m[0910 14:17:47 @monitor.py:363][0m cross_entropy_loss: 0.012769
[32m[0910 14:17:47 @monitor.py:363][0m learning_rate: 0.1
[32m[0910 14:17:47 @monitor.py:363][0m regularize_loss: 0.00074033
[32m[0910 14:17:47 @monitor.py:363][0m total_cost: 0.013509
[32m[0910 14:17:47 @monitor.py:363][0m train_error: 0.0034755
[32m[0910 14:17:47 @monitor.py:363][0m validation_accuracy: 0.99189
[32m[0910 14:17:47 @monitor.py:363][0m validation_cross_entropy_loss: 0.034547
[32m[0910 14:17:47 @monitor.py:363][0m validation_error: 0.0083
[32m[0910 14:17:47 @base.py:191][0m Start Epoch 62 ...
[32m[0910 14:17:51 @base.py:201][0m Epoch 62 (global_step 29016) finished, time:4.28 sec.
[32m[0910 14:17:51 @saver.py:84][0m Model saved to train_log/mnist-cnn/model-29016.
[32m[0910 14:17:52 @monitor.py:363][0m accuracy: 0.99343
[32m[0910 14:17:52 @monitor.py:363][0m cross_entropy_loss: 0.023195
[32m[0910 14:17:52 @monitor.py:363][0m learning_rate: 0.1
[32m[0910 14:17:52 @monitor.py:363][0m regularize_loss: 0.0007408
[32m[0910 14:17:52 @monitor.py:363][0m total_cost: 0.023936
[32m[0910 14:17:52 @monitor.py:363][0m train_error: 0.0065679
[32m[0910 14:17:52 @monitor.py:363][0m validation_accuracy: 0.98809
[32m[0910 14:17:52 @monitor.py:363][0m validation_cross_entropy_loss: 0.046955
[32m[0910 14:17:52 @monitor.py:363][0m validation_error: 0.0122
[32m[0910 14:17:52 @base.py:191][0m Start Epoch 63 ...
[32m[0910 14:17:56 @base.py:201][0m Epoch 63 (global_step 29484) finished, time:4.29 sec.
[32m[0910 14:17:56 @saver.py:84][0m Model saved to train_log/mnist-cnn/model-29484.
[32m[0910 14:17:56 @monitor.py:363][0m accuracy: 0.9981
[32m[0910 14:17:56 @monitor.py:363][0m cross_entropy_loss: 0.0062476
[32m[0910 14:17:56 @monitor.py:363][0m learning_rate: 0.1
[32m[0910 14:17:56 @monitor.py:363][0m regularize_loss: 0.00074158
[32m[0910 14:17:56 @monitor.py:363][0m total_cost: 0.0069892
[32m[0910 14:17:56 @monitor.py:363][0m train_error: 0.0018964
[32m[0910 14:17:56 @monitor.py:363][0m validation_accuracy: 0.99316
[32m[0910 14:17:56 @monitor.py:363][0m validation_cross_entropy_loss: 0.027852
[32m[0910 14:17:56 @monitor.py:363][0m validation_error: 0.007
[32m[0910 14:17:56 @base.py:191][0m Start Epoch 64 ...
[32m[0910 14:18:01 @base.py:201][0m Epoch 64 (global_step 29952) finished, time:4.24 sec.
[32m[0910 14:18:01 @saver.py:84][0m Model saved to train_log/mnist-cnn/model-29952.
[32m[0910 14:18:01 @saver.py:155][0m Model with maximum 'validation_accuracy' saved.
[32m[0910 14:18:01 @monitor.py:363][0m accuracy: 0.99436
[32m[0910 14:18:01 @monitor.py:363][0m cross_entropy_loss: 0.015716
[32m[0910 14:18:01 @monitor.py:363][0m learning_rate: 0.1
[32m[0910 14:18:01 @monitor.py:363][0m regularize_loss: 0.00074677
[32m[0910 14:18:01 @monitor.py:363][0m total_cost: 0.016463
[32m[0910 14:18:01 @monitor.py:363][0m train_error: 0.0056351
[32m[0910 14:18:01 @monitor.py:363][0m validation_accuracy: 0.98838
[32m[0910 14:18:01 @monitor.py:363][0m validation_cross_entropy_loss: 0.049398
[32m[0910 14:18:01 @monitor.py:363][0m validation_error: 0.0119
[32m[0910 14:18:01 @base.py:191][0m Start Epoch 65 ...
[32m[0910 14:18:05 @base.py:201][0m Epoch 65 (global_step 30420) finished, time:4.24 sec.
[32m[0910 14:18:05 @saver.py:84][0m Model saved to train_log/mnist-cnn/model-30420.
[32m[0910 14:18:06 @monitor.py:363][0m accuracy: 0.99597
[32m[0910 14:18:06 @monitor.py:363][0m cross_entropy_loss: 0.011348
[32m[0910 14:18:06 @monitor.py:363][0m learning_rate: 0.1
[32m[0910 14:18:06 @monitor.py:363][0m regularize_loss: 0.00074547
[32m[0910 14:18:06 @monitor.py:363][0m total_cost: 0.012093
[32m[0910 14:18:06 @monitor.py:363][0m train_error: 0.0040327
[32m[0910 14:18:06 @monitor.py:363][0m validation_accuracy: 0.98916
[32m[0910 14:18:06 @monitor.py:363][0m validation_cross_entropy_loss: 0.05291
[32m[0910 14:18:06 @monitor.py:363][0m validation_error: 0.0096
[32m[0910 14:18:06 @base.py:191][0m Start Epoch 66 ...
[32m[0910 14:18:10 @base.py:201][0m Epoch 66 (global_step 30888) finished, time:4.18 sec.
[32m[0910 14:18:10 @saver.py:84][0m Model saved to train_log/mnist-cnn/model-30888.
[32m[0910 14:18:10 @monitor.py:363][0m accuracy: 0.99596
[32m[0910 14:18:10 @monitor.py:363][0m cross_entropy_loss: 0.014058
[32m[0910 14:18:10 @monitor.py:363][0m learning_rate: 0.1
[32m[0910 14:18:10 @monitor.py:363][0m regularize_loss: 0.00074806
[32m[0910 14:18:10 @monitor.py:363][0m total_cost: 0.014806
[32m[0910 14:18:10 @monitor.py:363][0m train_error: 0.0040441
[32m[0910 14:18:10 @monitor.py:363][0m validation_accuracy: 0.99004
[32m[0910 14:18:10 @monitor.py:363][0m validation_cross_entropy_loss: 0.036781
[32m[0910 14:18:10 @monitor.py:363][0m validation_error: 0.0102
[32m[0910 14:18:10 @base.py:191][0m Start Epoch 67 ...
[32m[0910 14:18:14 @base.py:201][0m Epoch 67 (global_step 31356) finished, time:4.23 sec.
[32m[0910 14:18:14 @saver.py:84][0m Model saved to train_log/mnist-cnn/model-31356.
[32m[0910 14:18:15 @monitor.py:363][0m accuracy: 0.99572
[32m[0910 14:18:15 @monitor.py:363][0m cross_entropy_loss: 0.012698
[32m[0910 14:18:15 @monitor.py:363][0m learning_rate: 0.1
[32m[0910 14:18:15 @monitor.py:363][0m regularize_loss: 0.00074939
[32m[0910 14:18:15 @monitor.py:363][0m total_cost: 0.013447
[32m[0910 14:18:15 @monitor.py:363][0m train_error: 0.0042835
[32m[0910 14:18:15 @monitor.py:363][0m validation_accuracy: 0.99248
[32m[0910 14:18:15 @monitor.py:363][0m validation_cross_entropy_loss: 0.030982
[32m[0910 14:18:15 @monitor.py:363][0m validation_error: 0.0077
[32m[0910 14:18:15 @base.py:191][0m Start Epoch 68 ...
[32m[0910 14:18:19 @base.py:201][0m Epoch 68 (global_step 31824) finished, time:4.29 sec.
[32m[0910 14:18:19 @saver.py:84][0m Model saved to train_log/mnist-cnn/model-31824.
[32m[0910 14:18:20 @monitor.py:363][0m accuracy: 0.99624
[32m[0910 14:18:20 @monitor.py:363][0m cross_entropy_loss: 0.010971
[32m[0910 14:18:20 @monitor.py:363][0m learning_rate: 0.1
[32m[0910 14:18:20 @monitor.py:363][0m regularize_loss: 0.00075005
[32m[0910 14:18:20 @monitor.py:363][0m total_cost: 0.011721
[32m[0910 14:18:20 @monitor.py:363][0m train_error: 0.0037597
[32m[0910 14:18:20 @monitor.py:363][0m validation_accuracy: 0.99092
[32m[0910 14:18:20 @monitor.py:363][0m validation_cross_entropy_loss: 0.037109
[32m[0910 14:18:20 @monitor.py:363][0m validation_error: 0.0093
[32m[0910 14:18:20 @base.py:191][0m Start Epoch 69 ...
[32m[0910 14:18:24 @base.py:201][0m Epoch 69 (global_step 32292) finished, time:4.24 sec.
[32m[0910 14:18:24 @saver.py:84][0m Model saved to train_log/mnist-cnn/model-32292.
[32m[0910 14:18:24 @monitor.py:363][0m accuracy: 0.99663
[32m[0910 14:18:24 @monitor.py:363][0m cross_entropy_loss: 0.0085573
[32m[0910 14:18:24 @monitor.py:363][0m learning_rate: 0.1
[32m[0910 14:18:24 @monitor.py:363][0m regularize_loss: 0.00075319
[32m[0910 14:18:24 @monitor.py:363][0m total_cost: 0.0093105
[32m[0910 14:18:24 @monitor.py:363][0m train_error: 0.0033685
[32m[0910 14:18:24 @monitor.py:363][0m validation_accuracy: 0.99277
[32m[0910 14:18:24 @monitor.py:363][0m validation_cross_entropy_loss: 0.033612
[32m[0910 14:18:24 @monitor.py:363][0m validation_error: 0.0074
[32m[0910 14:18:24 @base.py:191][0m Start Epoch 70 ...
[32m[0910 14:18:28 @base.py:201][0m Epoch 70 (global_step 32760) finished, time:4.29 sec.
[32m[0910 14:18:28 @saver.py:84][0m Model saved to train_log/mnist-cnn/model-32760.
[32m[0910 14:18:29 @monitor.py:363][0m accuracy: 0.99658
[32m[0910 14:18:29 @monitor.py:363][0m cross_entropy_loss: 0.010182
[32m[0910 14:18:29 @monitor.py:363][0m learning_rate: 0.1
[32m[0910 14:18:29 @monitor.py:363][0m regularize_loss: 0.00075519
[32m[0910 14:18:29 @monitor.py:363][0m total_cost: 0.010937
[32m[0910 14:18:29 @monitor.py:363][0m train_error: 0.0034178
[32m[0910 14:18:29 @monitor.py:363][0m validation_accuracy: 0.9918
[32m[0910 14:18:29 @monitor.py:363][0m validation_cross_entropy_loss: 0.033192
[32m[0910 14:18:29 @monitor.py:363][0m validation_error: 0.0084
[32m[0910 14:18:29 @base.py:191][0m Start Epoch 71 ...
[32m[0910 14:18:33 @base.py:201][0m Epoch 71 (global_step 33228) finished, time:4.29 sec.
[32m[0910 14:18:33 @saver.py:84][0m Model saved to train_log/mnist-cnn/model-33228.
[32m[0910 14:18:34 @monitor.py:363][0m accuracy: 0.99786
[32m[0910 14:18:34 @monitor.py:363][0m cross_entropy_loss: 0.0059829
[32m[0910 14:18:34 @monitor.py:363][0m learning_rate: 0.1
[32m[0910 14:18:34 @monitor.py:363][0m regularize_loss: 0.00076021
[32m[0910 14:18:34 @monitor.py:363][0m total_cost: 0.0067431
[32m[0910 14:18:34 @monitor.py:363][0m train_error: 0.0021432
[32m[0910 14:18:34 @monitor.py:363][0m validation_accuracy: 0.99287
[32m[0910 14:18:34 @monitor.py:363][0m validation_cross_entropy_loss: 0.029383
[32m[0910 14:18:34 @monitor.py:363][0m validation_error: 0.0073
[32m[0910 14:18:34 @base.py:191][0m Start Epoch 72 ...
[32m[0910 14:18:38 @base.py:201][0m Epoch 72 (global_step 33696) finished, time:4.23 sec.
[32m[0910 14:18:38 @saver.py:84][0m Model saved to train_log/mnist-cnn/model-33696.
[32m[0910 14:18:38 @monitor.py:363][0m accuracy: 0.99723
[32m[0910 14:18:38 @monitor.py:363][0m cross_entropy_loss: 0.0070329
[32m[0910 14:18:38 @monitor.py:363][0m learning_rate: 0.1
[32m[0910 14:18:38 @monitor.py:363][0m regularize_loss: 0.00076338
[32m[0910 14:18:38 @monitor.py:363][0m total_cost: 0.0077963
[32m[0910 14:18:38 @monitor.py:363][0m train_error: 0.0027661
[32m[0910 14:18:38 @monitor.py:363][0m validation_accuracy: 0.9917
[32m[0910 14:18:38 @monitor.py:363][0m validation_cross_entropy_loss: 0.033306
[32m[0910 14:18:38 @monitor.py:363][0m validation_error: 0.0085
[32m[0910 14:18:38 @base.py:191][0m Start Epoch 73 ...
[32m[0910 14:18:42 @base.py:201][0m Epoch 73 (global_step 34164) finished, time:4.24 sec.
[32m[0910 14:18:42 @saver.py:84][0m Model saved to train_log/mnist-cnn/model-34164.
[32m[0910 14:18:43 @monitor.py:363][0m accuracy: 0.99698
[32m[0910 14:18:43 @monitor.py:363][0m cross_entropy_loss: 0.0083905
[32m[0910 14:18:43 @monitor.py:363][0m learning_rate: 0.1
[32m[0910 14:18:43 @monitor.py:363][0m regularize_loss: 0.00076361
[32m[0910 14:18:43 @monitor.py:363][0m total_cost: 0.0091541
[32m[0910 14:18:43 @monitor.py:363][0m train_error: 0.0030226
[32m[0910 14:18:43 @monitor.py:363][0m validation_accuracy: 0.99004
[32m[0910 14:18:43 @monitor.py:363][0m validation_cross_entropy_loss: 0.035454
[32m[0910 14:18:43 @monitor.py:363][0m validation_error: 0.0102
[32m[0910 14:18:43 @base.py:191][0m Start Epoch 74 ...
[32m[0910 14:18:47 @base.py:201][0m Epoch 74 (global_step 34632) finished, time:4.29 sec.
[32m[0910 14:18:47 @saver.py:84][0m Model saved to train_log/mnist-cnn/model-34632.
[32m[0910 14:18:47 @monitor.py:363][0m accuracy: 0.99801
[32m[0910 14:18:47 @monitor.py:363][0m cross_entropy_loss: 0.0083021
[32m[0910 14:18:47 @monitor.py:363][0m learning_rate: 0.1
[32m[0910 14:18:47 @monitor.py:363][0m regularize_loss: 0.00076665
[32m[0910 14:18:47 @monitor.py:363][0m total_cost: 0.0090687
[32m[0910 14:18:47 @monitor.py:363][0m train_error: 0.0019944
[32m[0910 14:18:47 @monitor.py:363][0m validation_accuracy: 0.99238
[32m[0910 14:18:47 @monitor.py:363][0m validation_cross_entropy_loss: 0.031398
[32m[0910 14:18:47 @monitor.py:363][0m validation_error: 0.0078
[32m[0910 14:18:47 @base.py:191][0m Start Epoch 75 ...
[32m[0910 14:18:52 @base.py:201][0m Epoch 75 (global_step 35100) finished, time:4.29 sec.
[32m[0910 14:18:52 @saver.py:84][0m Model saved to train_log/mnist-cnn/model-35100.
[32m[0910 14:18:52 @monitor.py:363][0m accuracy: 0.99651
[32m[0910 14:18:52 @monitor.py:363][0m cross_entropy_loss: 0.012161
[32m[0910 14:18:52 @monitor.py:363][0m learning_rate: 0.1
[32m[0910 14:18:52 @monitor.py:363][0m regularize_loss: 0.00076865
[32m[0910 14:18:52 @monitor.py:363][0m total_cost: 0.01293
[32m[0910 14:18:52 @monitor.py:363][0m train_error: 0.0034895
[32m[0910 14:18:52 @monitor.py:363][0m validation_accuracy: 0.99219
[32m[0910 14:18:52 @monitor.py:363][0m validation_cross_entropy_loss: 0.036415
[32m[0910 14:18:52 @monitor.py:363][0m validation_error: 0.008
[32m[0910 14:18:52 @base.py:191][0m Start Epoch 76 ...
[32m[0910 14:18:56 @base.py:201][0m Epoch 76 (global_step 35568) finished, time:4.24 sec.
[32m[0910 14:18:56 @saver.py:84][0m Model saved to train_log/mnist-cnn/model-35568.
[32m[0910 14:18:57 @monitor.py:363][0m accuracy: 0.99852
[32m[0910 14:18:57 @monitor.py:363][0m cross_entropy_loss: 0.0056672
[32m[0910 14:18:57 @monitor.py:363][0m learning_rate: 0.1
[32m[0910 14:18:57 @monitor.py:363][0m regularize_loss: 0.00077077
[32m[0910 14:18:57 @monitor.py:363][0m total_cost: 0.006438
[32m[0910 14:18:57 @monitor.py:363][0m train_error: 0.0014773
[32m[0910 14:18:57 @monitor.py:363][0m validation_accuracy: 0.99258
[32m[0910 14:18:57 @monitor.py:363][0m validation_cross_entropy_loss: 0.027633
[32m[0910 14:18:57 @monitor.py:363][0m validation_error: 0.0076
[32m[0910 14:18:57 @base.py:191][0m Start Epoch 77 ...
[32m[0910 14:19:01 @base.py:201][0m Epoch 77 (global_step 36036) finished, time:4.23 sec.
[32m[0910 14:19:01 @saver.py:84][0m Model saved to train_log/mnist-cnn/model-36036.
[32m[0910 14:19:01 @monitor.py:363][0m accuracy: 0.99835
[32m[0910 14:19:01 @monitor.py:363][0m cross_entropy_loss: 0.0049665
[32m[0910 14:19:01 @monitor.py:363][0m learning_rate: 0.1
[32m[0910 14:19:01 @monitor.py:363][0m regularize_loss: 0.00077231
[32m[0910 14:19:01 @monitor.py:363][0m total_cost: 0.0057388
[32m[0910 14:19:01 @monitor.py:363][0m train_error: 0.0016545
[32m[0910 14:19:01 @monitor.py:363][0m validation_accuracy: 0.99258
[32m[0910 14:19:01 @monitor.py:363][0m validation_cross_entropy_loss: 0.034326
[32m[0910 14:19:01 @monitor.py:363][0m validation_error: 0.0076
[32m[0910 14:19:01 @base.py:191][0m Start Epoch 78 ...
[32m[0910 14:19:06 @base.py:201][0m Epoch 78 (global_step 36504) finished, time:4.24 sec.
[32m[0910 14:19:06 @saver.py:84][0m Model saved to train_log/mnist-cnn/model-36504.
[32m[0910 14:19:06 @monitor.py:363][0m accuracy: 0.99701
[32m[0910 14:19:06 @monitor.py:363][0m cross_entropy_loss: 0.010063
[32m[0910 14:19:06 @monitor.py:363][0m learning_rate: 0.1
[32m[0910 14:19:06 @monitor.py:363][0m regularize_loss: 0.00077321
[32m[0910 14:19:06 @monitor.py:363][0m total_cost: 0.010836
[32m[0910 14:19:06 @monitor.py:363][0m train_error: 0.002986
[32m[0910 14:19:06 @monitor.py:363][0m validation_accuracy: 0.9915
[32m[0910 14:19:06 @monitor.py:363][0m validation_cross_entropy_loss: 0.033062
[32m[0910 14:19:06 @monitor.py:363][0m validation_error: 0.0087
[32m[0910 14:19:06 @base.py:191][0m Start Epoch 79 ...
[32m[0910 14:19:10 @base.py:201][0m Epoch 79 (global_step 36972) finished, time:4.23 sec.
[32m[0910 14:19:10 @saver.py:84][0m Model saved to train_log/mnist-cnn/model-36972.
[32m[0910 14:19:11 @monitor.py:363][0m accuracy: 0.9984
[32m[0910 14:19:11 @monitor.py:363][0m cross_entropy_loss: 0.0035718
[32m[0910 14:19:11 @monitor.py:363][0m learning_rate: 0.1
[32m[0910 14:19:11 @monitor.py:363][0m regularize_loss: 0.00077386
[32m[0910 14:19:11 @monitor.py:363][0m total_cost: 0.0043457
[32m[0910 14:19:11 @monitor.py:363][0m train_error: 0.001596
[32m[0910 14:19:11 @monitor.py:363][0m validation_accuracy: 0.9917
[32m[0910 14:19:11 @monitor.py:363][0m validation_cross_entropy_loss: 0.035875
[32m[0910 14:19:11 @monitor.py:363][0m validation_error: 0.0085
[32m[0910 14:19:11 @base.py:191][0m Start Epoch 80 ...
[32m[0910 14:19:15 @base.py:201][0m Epoch 80 (global_step 37440) finished, time:4.13 sec.
[32m[0910 14:19:15 @saver.py:84][0m Model saved to train_log/mnist-cnn/model-37440.
[32m[0910 14:19:15 @monitor.py:363][0m accuracy: 0.99808
[32m[0910 14:19:15 @monitor.py:363][0m cross_entropy_loss: 0.0045371
[32m[0910 14:19:15 @monitor.py:363][0m learning_rate: 0.1
[32m[0910 14:19:15 @monitor.py:363][0m regularize_loss: 0.00077672
[32m[0910 14:19:15 @monitor.py:363][0m total_cost: 0.0053138
[32m[0910 14:19:15 @monitor.py:363][0m train_error: 0.0019176
[32m[0910 14:19:15 @monitor.py:363][0m validation_accuracy: 0.99092
[32m[0910 14:19:15 @monitor.py:363][0m validation_cross_entropy_loss: 0.03803
[32m[0910 14:19:15 @monitor.py:363][0m validation_error: 0.0093
[32m[0910 14:19:15 @base.py:191][0m Start Epoch 81 ...
[32m[0910 14:19:19 @base.py:201][0m Epoch 81 (global_step 37908) finished, time:4.18 sec.
[32m[0910 14:19:19 @saver.py:84][0m Model saved to train_log/mnist-cnn/model-37908.
[32m[0910 14:19:20 @monitor.py:363][0m accuracy: 0.99737
[32m[0910 14:19:20 @monitor.py:363][0m cross_entropy_loss: 0.006834
[32m[0910 14:19:20 @monitor.py:363][0m learning_rate: 0.1
[32m[0910 14:19:20 @monitor.py:363][0m regularize_loss: 0.00078145
[32m[0910 14:19:20 @monitor.py:363][0m total_cost: 0.0076155
[32m[0910 14:19:20 @monitor.py:363][0m train_error: 0.0026341
[32m[0910 14:19:20 @monitor.py:363][0m validation_accuracy: 0.9918
[32m[0910 14:19:20 @monitor.py:363][0m validation_cross_entropy_loss: 0.037133
[32m[0910 14:19:20 @monitor.py:363][0m validation_error: 0.0084
[32m[0910 14:19:20 @base.py:191][0m Start Epoch 82 ...
[32m[0910 14:19:24 @base.py:201][0m Epoch 82 (global_step 38376) finished, time:4.19 sec.
[32m[0910 14:19:24 @saver.py:84][0m Model saved to train_log/mnist-cnn/model-38376.
[32m[0910 14:19:24 @monitor.py:363][0m accuracy: 0.99737
[32m[0910 14:19:24 @monitor.py:363][0m cross_entropy_loss: 0.0078532
[32m[0910 14:19:24 @monitor.py:363][0m learning_rate: 0.1
[32m[0910 14:19:24 @monitor.py:363][0m regularize_loss: 0.00078209
[32m[0910 14:19:24 @monitor.py:363][0m total_cost: 0.0086353
[32m[0910 14:19:24 @monitor.py:363][0m train_error: 0.0026323
[32m[0910 14:19:24 @monitor.py:363][0m validation_accuracy: 0.9915
[32m[0910 14:19:24 @monitor.py:363][0m validation_cross_entropy_loss: 0.03723
[32m[0910 14:19:24 @monitor.py:363][0m validation_error: 0.0087
[32m[0910 14:19:24 @base.py:191][0m Start Epoch 83 ...
[32m[0910 14:19:29 @base.py:201][0m Epoch 83 (global_step 38844) finished, time:4.30 sec.
[32m[0910 14:19:29 @saver.py:84][0m Model saved to train_log/mnist-cnn/model-38844.
[32m[0910 14:19:29 @monitor.py:363][0m accuracy: 0.99857
[32m[0910 14:19:29 @monitor.py:363][0m cross_entropy_loss: 0.0046342
[32m[0910 14:19:29 @monitor.py:363][0m learning_rate: 0.1
[32m[0910 14:19:29 @monitor.py:363][0m regularize_loss: 0.00078363
[32m[0910 14:19:29 @monitor.py:363][0m total_cost: 0.0054179
[32m[0910 14:19:29 @monitor.py:363][0m train_error: 0.0014287
[32m[0910 14:19:29 @monitor.py:363][0m validation_accuracy: 0.98906
[32m[0910 14:19:29 @monitor.py:363][0m validation_cross_entropy_loss: 0.04239
[32m[0910 14:19:29 @monitor.py:363][0m validation_error: 0.0097
[32m[0910 14:19:29 @base.py:191][0m Start Epoch 84 ...
[32m[0910 14:19:33 @base.py:201][0m Epoch 84 (global_step 39312) finished, time:4.24 sec.
[32m[0910 14:19:33 @saver.py:84][0m Model saved to train_log/mnist-cnn/model-39312.
[32m[0910 14:19:34 @monitor.py:363][0m accuracy: 0.99913
[32m[0910 14:19:34 @monitor.py:363][0m cross_entropy_loss: 0.0036889
[32m[0910 14:19:34 @monitor.py:363][0m learning_rate: 0.1
[32m[0910 14:19:34 @monitor.py:363][0m regularize_loss: 0.00078746
[32m[0910 14:19:34 @monitor.py:363][0m total_cost: 0.0044763
[32m[0910 14:19:34 @monitor.py:363][0m train_error: 0.00086881
[32m[0910 14:19:34 @monitor.py:363][0m validation_accuracy: 0.99248
[32m[0910 14:19:34 @monitor.py:363][0m validation_cross_entropy_loss: 0.029321
[32m[0910 14:19:34 @monitor.py:363][0m validation_error: 0.0077
[32m[0910 14:19:34 @base.py:191][0m Start Epoch 85 ...
[32m[0910 14:19:38 @base.py:201][0m Epoch 85 (global_step 39780) finished, time:4.29 sec.
[32m[0910 14:19:38 @saver.py:84][0m Model saved to train_log/mnist-cnn/model-39780.
[32m[0910 14:19:38 @monitor.py:363][0m accuracy: 0.99714
[32m[0910 14:19:38 @monitor.py:363][0m cross_entropy_loss: 0.011354
[32m[0910 14:19:38 @monitor.py:363][0m learning_rate: 0.1
[32m[0910 14:19:38 @monitor.py:363][0m regularize_loss: 0.00078812
[32m[0910 14:19:38 @monitor.py:363][0m total_cost: 0.012142
[32m[0910 14:19:38 @monitor.py:363][0m train_error: 0.0028587
[32m[0910 14:19:38 @monitor.py:363][0m validation_accuracy: 0.99297
[32m[0910 14:19:38 @monitor.py:363][0m validation_cross_entropy_loss: 0.02857
[32m[0910 14:19:38 @monitor.py:363][0m validation_error: 0.0072
[32m[0910 14:19:38 @base.py:191][0m Start Epoch 86 ...
[32m[0910 14:19:42 @base.py:201][0m Epoch 86 (global_step 40248) finished, time:4.23 sec.
[32m[0910 14:19:42 @saver.py:84][0m Model saved to train_log/mnist-cnn/model-40248.
[32m[0910 14:19:43 @monitor.py:363][0m accuracy: 0.99676
[32m[0910 14:19:43 @monitor.py:363][0m cross_entropy_loss: 0.010919
[32m[0910 14:19:43 @monitor.py:363][0m learning_rate: 0.1
[32m[0910 14:19:43 @monitor.py:363][0m regularize_loss: 0.00078727
[32m[0910 14:19:43 @monitor.py:363][0m total_cost: 0.011706
[32m[0910 14:19:43 @monitor.py:363][0m train_error: 0.003238
[32m[0910 14:19:43 @monitor.py:363][0m validation_accuracy: 0.98984
[32m[0910 14:19:43 @monitor.py:363][0m validation_cross_entropy_loss: 0.040768
[32m[0910 14:19:43 @monitor.py:363][0m validation_error: 0.0104
[32m[0910 14:19:43 @base.py:191][0m Start Epoch 87 ...
[32m[0910 14:19:47 @base.py:201][0m Epoch 87 (global_step 40716) finished, time:4.39 sec.
[32m[0910 14:19:47 @saver.py:84][0m Model saved to train_log/mnist-cnn/model-40716.
[32m[0910 14:19:48 @monitor.py:363][0m accuracy: 0.9972
[32m[0910 14:19:48 @monitor.py:363][0m cross_entropy_loss: 0.006636
[32m[0910 14:19:48 @monitor.py:363][0m learning_rate: 0.1
[32m[0910 14:19:48 @monitor.py:363][0m regularize_loss: 0.00078408
[32m[0910 14:19:48 @monitor.py:363][0m total_cost: 0.00742
[32m[0910 14:19:48 @monitor.py:363][0m train_error: 0.0027952
[32m[0910 14:19:48 @monitor.py:363][0m validation_accuracy: 0.98945
[32m[0910 14:19:48 @monitor.py:363][0m validation_cross_entropy_loss: 0.041181
[32m[0910 14:19:48 @monitor.py:363][0m validation_error: 0.0093
[32m[0910 14:19:48 @base.py:191][0m Start Epoch 88 ...
[32m[0910 14:19:52 @base.py:201][0m Epoch 88 (global_step 41184) finished, time:4.29 sec.
[32m[0910 14:19:52 @saver.py:84][0m Model saved to train_log/mnist-cnn/model-41184.
[32m[0910 14:19:52 @monitor.py:363][0m accuracy: 0.99849
[32m[0910 14:19:52 @monitor.py:363][0m cross_entropy_loss: 0.0060321
[32m[0910 14:19:52 @monitor.py:363][0m learning_rate: 0.1
[32m[0910 14:19:52 @monitor.py:363][0m regularize_loss: 0.00078763
[32m[0910 14:19:52 @monitor.py:363][0m total_cost: 0.0068198
[32m[0910 14:19:52 @monitor.py:363][0m train_error: 0.0015106
[32m[0910 14:19:52 @monitor.py:363][0m validation_accuracy: 0.99287
[32m[0910 14:19:52 @monitor.py:363][0m validation_cross_entropy_loss: 0.028186
[32m[0910 14:19:52 @monitor.py:363][0m validation_error: 0.0073
[32m[0910 14:19:52 @base.py:191][0m Start Epoch 89 ...
[32m[0910 14:19:57 @base.py:201][0m Epoch 89 (global_step 41652) finished, time:4.29 sec.
[32m[0910 14:19:57 @saver.py:84][0m Model saved to train_log/mnist-cnn/model-41652.
[32m[0910 14:19:57 @monitor.py:363][0m accuracy: 0.99726
[32m[0910 14:19:57 @monitor.py:363][0m cross_entropy_loss: 0.0066094
[32m[0910 14:19:57 @monitor.py:363][0m learning_rate: 0.1
[32m[0910 14:19:57 @monitor.py:363][0m regularize_loss: 0.0007892
[32m[0910 14:19:57 @monitor.py:363][0m total_cost: 0.0073986
[32m[0910 14:19:57 @monitor.py:363][0m train_error: 0.0027395
[32m[0910 14:19:57 @monitor.py:363][0m validation_accuracy: 0.99199
[32m[0910 14:19:57 @monitor.py:363][0m validation_cross_entropy_loss: 0.030954
[32m[0910 14:19:57 @monitor.py:363][0m validation_error: 0.0082
[32m[0910 14:19:57 @base.py:191][0m Start Epoch 90 ...
[32m[0910 14:20:01 @base.py:201][0m Epoch 90 (global_step 42120) finished, time:4.24 sec.
[32m[0910 14:20:01 @saver.py:84][0m Model saved to train_log/mnist-cnn/model-42120.
[32m[0910 14:20:02 @monitor.py:363][0m accuracy: 0.99709
[32m[0910 14:20:02 @monitor.py:363][0m cross_entropy_loss: 0.010405
[32m[0910 14:20:02 @monitor.py:363][0m learning_rate: 0.1
[32m[0910 14:20:02 @monitor.py:363][0m regularize_loss: 0.00079091
[32m[0910 14:20:02 @monitor.py:363][0m total_cost: 0.011196
[32m[0910 14:20:02 @monitor.py:363][0m train_error: 0.0029138
[32m[0910 14:20:02 @monitor.py:363][0m validation_accuracy: 0.99229
[32m[0910 14:20:02 @monitor.py:363][0m validation_cross_entropy_loss: 0.037831
[32m[0910 14:20:02 @monitor.py:363][0m validation_error: 0.0079
[32m[0910 14:20:02 @base.py:191][0m Start Epoch 91 ...
[32m[0910 14:20:06 @base.py:201][0m Epoch 91 (global_step 42588) finished, time:4.19 sec.
[32m[0910 14:20:06 @saver.py:84][0m Model saved to train_log/mnist-cnn/model-42588.
[32m[0910 14:20:06 @monitor.py:363][0m accuracy: 0.99835
[32m[0910 14:20:06 @monitor.py:363][0m cross_entropy_loss: 0.0053306
[32m[0910 14:20:06 @monitor.py:363][0m learning_rate: 0.1
[32m[0910 14:20:06 @monitor.py:363][0m regularize_loss: 0.0007942
[32m[0910 14:20:06 @monitor.py:363][0m total_cost: 0.0061248
[32m[0910 14:20:06 @monitor.py:363][0m train_error: 0.0016477
[32m[0910 14:20:06 @monitor.py:363][0m validation_accuracy: 0.99336
[32m[0910 14:20:06 @monitor.py:363][0m validation_cross_entropy_loss: 0.028637
[32m[0910 14:20:06 @monitor.py:363][0m validation_error: 0.0068
[32m[0910 14:20:06 @base.py:191][0m Start Epoch 92 ...
[32m[0910 14:20:11 @base.py:201][0m Epoch 92 (global_step 43056) finished, time:4.24 sec.
[32m[0910 14:20:11 @saver.py:84][0m Model saved to train_log/mnist-cnn/model-43056.
[32m[0910 14:20:11 @saver.py:155][0m Model with maximum 'validation_accuracy' saved.
[32m[0910 14:20:11 @monitor.py:363][0m accuracy: 0.997
[32m[0910 14:20:11 @monitor.py:363][0m cross_entropy_loss: 0.0095983
[32m[0910 14:20:11 @monitor.py:363][0m learning_rate: 0.1
[32m[0910 14:20:11 @monitor.py:363][0m regularize_loss: 0.00079224
[32m[0910 14:20:11 @monitor.py:363][0m total_cost: 0.01039
[32m[0910 14:20:11 @monitor.py:363][0m train_error: 0.0030048
[32m[0910 14:20:11 @monitor.py:363][0m validation_accuracy: 0.98926
[32m[0910 14:20:11 @monitor.py:363][0m validation_cross_entropy_loss: 0.037017
[32m[0910 14:20:11 @monitor.py:363][0m validation_error: 0.0095
[32m[0910 14:20:11 @base.py:191][0m Start Epoch 93 ...
[32m[0910 14:20:15 @base.py:201][0m Epoch 93 (global_step 43524) finished, time:4.29 sec.
[32m[0910 14:20:15 @saver.py:84][0m Model saved to train_log/mnist-cnn/model-43524.
[32m[0910 14:20:16 @monitor.py:363][0m accuracy: 0.99606
[32m[0910 14:20:16 @monitor.py:363][0m cross_entropy_loss: 0.01151
[32m[0910 14:20:16 @monitor.py:363][0m learning_rate: 0.1
[32m[0910 14:20:16 @monitor.py:363][0m regularize_loss: 0.0007913
[32m[0910 14:20:16 @monitor.py:363][0m total_cost: 0.012301
[32m[0910 14:20:16 @monitor.py:363][0m train_error: 0.0039417
[32m[0910 14:20:16 @monitor.py:363][0m validation_accuracy: 0.99336
[32m[0910 14:20:16 @monitor.py:363][0m validation_cross_entropy_loss: 0.028037
[32m[0910 14:20:16 @monitor.py:363][0m validation_error: 0.0068
[32m[0910 14:20:16 @base.py:191][0m Start Epoch 94 ...
[32m[0910 14:20:20 @base.py:201][0m Epoch 94 (global_step 43992) finished, time:4.13 sec.
[32m[0910 14:20:20 @saver.py:84][0m Model saved to train_log/mnist-cnn/model-43992.
[32m[0910 14:20:20 @monitor.py:363][0m accuracy: 0.99793
[32m[0910 14:20:20 @monitor.py:363][0m cross_entropy_loss: 0.0069032
[32m[0910 14:20:20 @monitor.py:363][0m learning_rate: 0.1
[32m[0910 14:20:20 @monitor.py:363][0m regularize_loss: 0.00079247
[32m[0910 14:20:20 @monitor.py:363][0m total_cost: 0.0076957
[32m[0910 14:20:20 @monitor.py:363][0m train_error: 0.002073
[32m[0910 14:20:20 @monitor.py:363][0m validation_accuracy: 0.9917
[32m[0910 14:20:20 @monitor.py:363][0m validation_cross_entropy_loss: 0.032789
[32m[0910 14:20:20 @monitor.py:363][0m validation_error: 0.0085
[32m[0910 14:20:20 @base.py:191][0m Start Epoch 95 ...
[32m[0910 14:20:24 @base.py:201][0m Epoch 95 (global_step 44460) finished, time:4.19 sec.
[32m[0910 14:20:24 @saver.py:84][0m Model saved to train_log/mnist-cnn/model-44460.
[32m[0910 14:20:25 @monitor.py:363][0m accuracy: 0.99877
[32m[0910 14:20:25 @monitor.py:363][0m cross_entropy_loss: 0.0028911
[32m[0910 14:20:25 @monitor.py:363][0m learning_rate: 0.1
[32m[0910 14:20:25 @monitor.py:363][0m regularize_loss: 0.00079458
[32m[0910 14:20:25 @monitor.py:363][0m total_cost: 0.0036857
[32m[0910 14:20:25 @monitor.py:363][0m train_error: 0.0012284
[32m[0910 14:20:25 @monitor.py:363][0m validation_accuracy: 0.99229
[32m[0910 14:20:25 @monitor.py:363][0m validation_cross_entropy_loss: 0.029596
[32m[0910 14:20:25 @monitor.py:363][0m validation_error: 0.0079
[32m[0910 14:20:25 @base.py:191][0m Start Epoch 96 ...
[32m[0910 14:20:29 @base.py:201][0m Epoch 96 (global_step 44928) finished, time:4.23 sec.
[32m[0910 14:20:29 @saver.py:84][0m Model saved to train_log/mnist-cnn/model-44928.
[32m[0910 14:20:29 @monitor.py:363][0m accuracy: 0.99797
[32m[0910 14:20:29 @monitor.py:363][0m cross_entropy_loss: 0.0055326
[32m[0910 14:20:29 @monitor.py:363][0m learning_rate: 0.1
[32m[0910 14:20:29 @monitor.py:363][0m regularize_loss: 0.00079552
[32m[0910 14:20:29 @monitor.py:363][0m total_cost: 0.0063281
[32m[0910 14:20:29 @monitor.py:363][0m train_error: 0.0020316
[32m[0910 14:20:29 @monitor.py:363][0m validation_accuracy: 0.99307
[32m[0910 14:20:29 @monitor.py:363][0m validation_cross_entropy_loss: 0.02817
[32m[0910 14:20:29 @monitor.py:363][0m validation_error: 0.0071
[32m[0910 14:20:29 @base.py:191][0m Start Epoch 97 ...
[32m[0910 14:20:34 @base.py:201][0m Epoch 97 (global_step 45396) finished, time:4.19 sec.
[32m[0910 14:20:34 @saver.py:84][0m Model saved to train_log/mnist-cnn/model-45396.
[32m[0910 14:20:34 @monitor.py:363][0m accuracy: 0.99656
[32m[0910 14:20:34 @monitor.py:363][0m cross_entropy_loss: 0.0076817
[32m[0910 14:20:34 @monitor.py:363][0m learning_rate: 0.1
[32m[0910 14:20:34 @monitor.py:363][0m regularize_loss: 0.00079626
[32m[0910 14:20:34 @monitor.py:363][0m total_cost: 0.008478
[32m[0910 14:20:34 @monitor.py:363][0m train_error: 0.0034392
[32m[0910 14:20:34 @monitor.py:363][0m validation_accuracy: 0.99199
[32m[0910 14:20:34 @monitor.py:363][0m validation_cross_entropy_loss: 0.033526
[32m[0910 14:20:34 @monitor.py:363][0m validation_error: 0.0082
[32m[0910 14:20:34 @base.py:191][0m Start Epoch 98 ...
[32m[0910 14:20:38 @base.py:201][0m Epoch 98 (global_step 45864) finished, time:4.24 sec.
[32m[0910 14:20:38 @saver.py:84][0m Model saved to train_log/mnist-cnn/model-45864.
[32m[0910 14:20:39 @monitor.py:363][0m accuracy: 0.99733
[32m[0910 14:20:39 @monitor.py:363][0m cross_entropy_loss: 0.007865
[32m[0910 14:20:39 @monitor.py:363][0m learning_rate: 0.1
[32m[0910 14:20:39 @monitor.py:363][0m regularize_loss: 0.00079397
[32m[0910 14:20:39 @monitor.py:363][0m total_cost: 0.008659
[32m[0910 14:20:39 @monitor.py:363][0m train_error: 0.0026718
[32m[0910 14:20:39 @monitor.py:363][0m validation_accuracy: 0.99336
[32m[0910 14:20:39 @monitor.py:363][0m validation_cross_entropy_loss: 0.024941
[32m[0910 14:20:39 @monitor.py:363][0m validation_error: 0.0068
[32m[0910 14:20:39 @base.py:191][0m Start Epoch 99 ...
[32m[0910 14:20:43 @base.py:201][0m Epoch 99 (global_step 46332) finished, time:4.28 sec.
[32m[0910 14:20:43 @saver.py:84][0m Model saved to train_log/mnist-cnn/model-46332.
[32m[0910 14:20:43 @monitor.py:363][0m accuracy: 0.99847
[32m[0910 14:20:43 @monitor.py:363][0m cross_entropy_loss: 0.0045655
[32m[0910 14:20:43 @monitor.py:363][0m learning_rate: 0.1
[32m[0910 14:20:43 @monitor.py:363][0m regularize_loss: 0.00079337
[32m[0910 14:20:43 @monitor.py:363][0m total_cost: 0.0053589
[32m[0910 14:20:43 @monitor.py:363][0m train_error: 0.0015253
[32m[0910 14:20:43 @monitor.py:363][0m validation_accuracy: 0.99229
[32m[0910 14:20:43 @monitor.py:363][0m validation_cross_entropy_loss: 0.029722
[32m[0910 14:20:43 @monitor.py:363][0m validation_error: 0.0079
[32m[0910 14:20:43 @base.py:191][0m Start Epoch 100 ...
[32m[0910 14:20:48 @base.py:201][0m Epoch 100 (global_step 46800) finished, time:4.34 sec.
[32m[0910 14:20:48 @saver.py:84][0m Model saved to train_log/mnist-cnn/model-46800.
[32m[0910 14:20:48 @monitor.py:363][0m accuracy: 0.9983
[32m[0910 14:20:48 @monitor.py:363][0m cross_entropy_loss: 0.00539
[32m[0910 14:20:48 @monitor.py:363][0m learning_rate: 0.1
[32m[0910 14:20:48 @monitor.py:363][0m regularize_loss: 0.00079325
[32m[0910 14:20:48 @monitor.py:363][0m total_cost: 0.0061833
[32m[0910 14:20:48 @monitor.py:363][0m train_error: 0.0016986
[32m[0910 14:20:48 @monitor.py:363][0m validation_accuracy: 0.9918
[32m[0910 14:20:48 @monitor.py:363][0m validation_cross_entropy_loss: 0.031813
[32m[0910 14:20:48 @monitor.py:363][0m validation_error: 0.0084
[32m[0910 14:20:48 @base.py:205][0m Training has finished!
